Using pre-set license
Built from '2020.3/staging' branch; Version is '2020.3.3f1 (76626098c1c4) revision 7758432'; Using compiler version '192528614'; Build Type 'Release'
OS: 'Windows 10 Pro; OS build 19041.928; Version 2004; 64bit' Language: 'he' Physical Memory: 16264 MB
BatchMode: 1, IsHumanControllingUs: 0, StartBugReporterOnCrash: 0, Is64bit: 1, IsPro: 0

 COMMAND LINE ARGUMENTS:
C:\Program Files\Unity\Hub\Editor\2020.3.3f1\Editor\Unity.exe
-adb2
-batchMode
-noUpm
-name
AssetImportWorker0
-projectPath
C:/Users/shahar/Desktop/unity/Complete-C-Unity-Game-Developer-2D-Online-Course/Number Wizard - Basic C# Coding
-logFile
Logs/AssetImportWorker0.log
-srvPort
53945
Successfully changed project path to: C:/Users/shahar/Desktop/unity/Complete-C-Unity-Game-Developer-2D-Online-Course/Number Wizard - Basic C# Coding
C:/Users/shahar/Desktop/unity/Complete-C-Unity-Game-Developer-2D-Online-Course/Number Wizard - Basic C# Coding
Using Asset Import Pipeline V2.
Refreshing native plugins compatible for Editor in 118.13 ms, found 1 plugins.
Preloading 0 native plugins for Editor in 0.00 ms.
Initialize engine version: 2020.3.3f1 (76626098c1c4)
[Subsystems] Discovering subsystems at path C:/Program Files/Unity/Hub/Editor/2020.3.3f1/Editor/Data/Resources/UnitySubsystems
[Subsystems] Discovering subsystems at path C:/Users/shahar/Desktop/unity/Complete-C-Unity-Game-Developer-2D-Online-Course/Number Wizard - Basic C# Coding/Assets
GfxDevice: creating device client; threaded=0
Direct3D:
    Version:  Direct3D 11.0 [level 11.0]
    Renderer: NVIDIA GeForce 930MX (ID=0x134e)
    Vendor:   
    VRAM:     2010 MB
    Driver:   27.21.14.6109
Initialize mono
Mono path[0] = 'C:/Program Files/Unity/Hub/Editor/2020.3.3f1/Editor/Data/Managed'
Mono path[1] = 'C:/Program Files/Unity/Hub/Editor/2020.3.3f1/Editor/Data/MonoBleedingEdge/lib/mono/unityjit'
Mono config path = 'C:/Program Files/Unity/Hub/Editor/2020.3.3f1/Editor/Data/MonoBleedingEdge/etc'
Using monoOptions --debugger-agent=transport=dt_socket,embedding=1,server=y,suspend=n,address=127.0.0.1:56892
Begin MonoManager ReloadAssembly
Registering precompiled unity dll's ...
Register platform support module: C:/Program Files/Unity/Hub/Editor/2020.3.3f1/Editor/Data/PlaybackEngines/WebGLSupport/UnityEditor.WebGL.Extensions.dll
Register platform support module: C:/Program Files/Unity/Hub/Editor/2020.3.3f1/Editor/Data/PlaybackEngines/WindowsStandaloneSupport/UnityEditor.WindowsStandalone.Extensions.dll
Registered in 0.014676 seconds.
Native extension for WindowsStandalone target not found
Native extension for WebGL target not found
Refreshing native plugins compatible for Editor in 115.23 ms, found 1 plugins.
Preloading 0 native plugins for Editor in 0.00 ms.
Invoked RoslynAnalysisRunner static constructor.
RoslynAnalysisRunner will not be running.
RoslynAnalysisRunner has terminated.
Mono: successfully reloaded assembly
- Completed reload, in  6.320 seconds
Platform modules already initialized, skipping
Registering precompiled user dll's ...
Registered in 0.002919 seconds.
Begin MonoManager ReloadAssembly
Native extension for WindowsStandalone target not found
Native extension for WebGL target not found
Refreshing native plugins compatible for Editor in 114.28 ms, found 1 plugins.
Preloading 0 native plugins for Editor in 0.00 ms.
Invoked RoslynAnalysisRunner static constructor.
RoslynAnalysisRunner will not be running.
RoslynAnalysisRunner has terminated.
Mono: successfully reloaded assembly
- Completed reload, in  4.079 seconds
Platform modules already initialized, skipping
========================================================================
Worker process is ready to serve import requests
Launched and connected shader compiler UnityShaderCompiler.exe after 0.13 seconds
Refreshing native plugins compatible for Editor in 0.69 ms, found 1 plugins.
Preloading 0 native plugins for Editor in 0.00 ms.
Unloading 1856 Unused Serialized files (Serialized files now loaded: 0)
System memory in use before: 88.8 MB.
System memory in use after: 88.9 MB.

Unloading 19 unused Assets to reduce memory usage. Loaded Objects now: 2304.
Total: 3.605700 ms (FindLiveObjects: 0.304400 ms CreateObjectMapping: 0.129000 ms MarkObjects: 3.065300 ms  DeleteObjects: 0.104900 ms)

========================================================================
Received Import Request.
  path: Assets/Scenes/Start Menu.unity
  artifactKey: Guid(2cda990e2423bbf4892e6590ba056729) Importer(815301076,1909f56bfc062723c751e8b465ee728b)
Start importing Assets/Scenes/Start Menu.unity using Guid(2cda990e2423bbf4892e6590ba056729) Importer(815301076,1909f56bfc062723c751e8b465ee728b)  -> (artifact id: '8269f2700ed051792de33792de5a3636') in 0.063823 seconds
  Import took 0.078531 seconds .

========================================================================
Received Import Request.
  Time since last request: 599.433090 seconds.
  path: Assets/Fonts
  artifactKey: Guid(489d1b2ddc9ed884ea389e84c1489c1d) Importer(815301076,1909f56bfc062723c751e8b465ee728b)
Start importing Assets/Fonts using Guid(489d1b2ddc9ed884ea389e84c1489c1d) Importer(815301076,1909f56bfc062723c751e8b465ee728b)  -> (artifact id: 'c495c66b29049da6f6e00dd71cb0fe9b') in 0.030839 seconds
  Import took 0.037119 seconds .

========================================================================
Received Import Request.
  Time since last request: 15.976881 seconds.
  path: Assets/Fonts/WIZARDRY.TTF
  artifactKey: Guid(07e8cdb550bc9134cba6b858ad2d82d8) Importer(815301076,1909f56bfc062723c751e8b465ee728b)
Start importing Assets/Fonts/WIZARDRY.TTF using Guid(07e8cdb550bc9134cba6b858ad2d82d8) Importer(815301076,1909f56bfc062723c751e8b465ee728b)  -> (artifact id: '0d294a9872a765935544d9de1a167978') in 0.153632 seconds
  Import took 0.157767 seconds .

========================================================================
Received Import Request.
  Time since last request: 7.660149 seconds.
  path: Assets/Fonts/WIZARDRY SDF.asset
  artifactKey: Guid(c1167d1575a7e1c4c8710ef92cad0fae) Importer(815301076,1909f56bfc062723c751e8b465ee728b)
Start importing Assets/Fonts/WIZARDRY SDF.asset using Guid(c1167d1575a7e1c4c8710ef92cad0fae) Importer(815301076,1909f56bfc062723c751e8b465ee728b)  -> (artifact id: '48900bece54bcc905964ec7e149e6d74') in 0.119727 seconds
  Import took 0.125126 seconds .

========================================================================
Received Prepare
Registering precompiled user dll's ...
Registered in 0.001183 seconds.
Begin MonoManager ReloadAssembly
Native extension for WindowsStandalone target not found
Native extension for WebGL target not found
Refreshing native plugins compatible for Editor in 0.36 ms, found 1 plugins.
Preloading 0 native plugins for Editor in 0.00 ms.
Invoked RoslynAnalysisRunner static constructor.
RoslynAnalysisRunner will not be running.
RoslynAnalysisRunner has terminated.
Mono: successfully reloaded assembly
- Completed reload, in  1.104 seconds
Platform modules already initialized, skipping
Refreshing native plugins compatible for Editor in 0.68 ms, found 1 plugins.
Preloading 0 native plugins for Editor in 0.00 ms.
Unloading 1833 Unused Serialized files (Serialized files now loaded: 0)
System memory in use before: 90.4 MB.
System memory in use after: 90.5 MB.

Unloading 7 unused Assets to reduce memory usage. Loaded Objects now: 2352.
Total: 4.200000 ms (FindLiveObjects: 0.760900 ms CreateObjectMapping: 0.172200 ms MarkObjects: 3.238400 ms  DeleteObjects: 0.026700 ms)

========================================================================
Received Prepare
Registering precompiled user dll's ...
Registered in 0.002720 seconds.
Begin MonoManager ReloadAssembly
Native extension for WindowsStandalone target not found
Native extension for WebGL target not found
Refreshing native plugins compatible for Editor in 0.81 ms, found 1 plugins.
Preloading 0 native plugins for Editor in 0.00 ms.
Invoked RoslynAnalysisRunner static constructor.
RoslynAnalysisRunner will not be running.
RoslynAnalysisRunner has terminated.
Mono: successfully reloaded assembly
- Completed reload, in  1.419 seconds
Platform modules already initialized, skipping
Refreshing native plugins compatible for Editor in 0.44 ms, found 1 plugins.
Preloading 0 native plugins for Editor in 0.00 ms.
Unloading 1833 Unused Serialized files (Serialized files now loaded: 0)
System memory in use before: 90.5 MB.
System memory in use after: 90.6 MB.

Unloading 7 unused Assets to reduce memory usage. Loaded Objects now: 2356.
Total: 3.454200 ms (FindLiveObjects: 0.321400 ms CreateObjectMapping: 0.143200 ms MarkObjects: 2.968000 ms  DeleteObjects: 0.019500 ms)

========================================================================
Received Import Request.
  Time since last request: 901.256190 seconds.
  path: Assets/Scenes/Start Menu.unity
  artifactKey: Guid(2cda990e2423bbf4892e6590ba056729) Importer(815301076,1909f56bfc062723c751e8b465ee728b)
Start importing Assets/Scenes/Start Menu.unity using Guid(2cda990e2423bbf4892e6590ba056729) Importer(815301076,1909f56bfc062723c751e8b465ee728b)  -> (artifact id: 'df21281fedac56a99f065c2fdb3e75cf') in 0.018925 seconds
  Import took 0.023621 seconds .

========================================================================
Received Import Request.
  Time since last request: 0.498562 seconds.
  path: Assets/Scenes/Start Menu 1.unity
  artifactKey: Guid(a2e3799d88490fb4aa52b6e75d2785de) Importer(815301076,1909f56bfc062723c751e8b465ee728b)
Start importing Assets/Scenes/Start Menu 1.unity using Guid(a2e3799d88490fb4aa52b6e75d2785de) Importer(815301076,1909f56bfc062723c751e8b465ee728b)  -> (artifact id: '86c2e3f1676676887054ea34bb38a4e9') in 0.019883 seconds
  Import took 0.031025 seconds .

========================================================================
Received Import Request.
  Time since last request: 0.206889 seconds.
  path: Assets/Scenes/Start Menu 2.unity
  artifactKey: Guid(1b76df3365273ea4891a8cabffd86ced) Importer(815301076,1909f56bfc062723c751e8b465ee728b)
Start importing Assets/Scenes/Start Menu 2.unity using Guid(1b76df3365273ea4891a8cabffd86ced) Importer(815301076,1909f56bfc062723c751e8b465ee728b)  -> (artifact id: '5916f4d23aa2c4dabe6ca710a994155a') in 0.013539 seconds
  Import took 0.017511 seconds .

========================================================================
Received Import Request.
  Time since last request: 8.505251 seconds.
  path: Assets/Scenes/Level Scene.unity
  artifactKey: Guid(a2e3799d88490fb4aa52b6e75d2785de) Importer(815301076,1909f56bfc062723c751e8b465ee728b)
Start importing Assets/Scenes/Level Scene.unity using Guid(a2e3799d88490fb4aa52b6e75d2785de) Importer(815301076,1909f56bfc062723c751e8b465ee728b)  -> (artifact id: '30664fdb548e3bf19f0586914329fd60') in 0.014377 seconds
  Import took 0.018939 seconds .

========================================================================
Received Import Request.
  Time since last request: 5.781710 seconds.
  path: Assets/Scenes/End Scene.unity
  artifactKey: Guid(1b76df3365273ea4891a8cabffd86ced) Importer(815301076,1909f56bfc062723c751e8b465ee728b)
Start importing Assets/Scenes/End Scene.unity using Guid(1b76df3365273ea4891a8cabffd86ced) Importer(815301076,1909f56bfc062723c751e8b465ee728b)  -> (artifact id: '75bcc85915ed5bb3aa4facb6f064f193') in 0.013995 seconds
  Import took 0.018574 seconds .

========================================================================
Received Import Request.
  Time since last request: 77.898983 seconds.
  path: Assets/Scenes/Level Scene.unity
  artifactKey: Guid(a2e3799d88490fb4aa52b6e75d2785de) Importer(815301076,1909f56bfc062723c751e8b465ee728b)
Start importing Assets/Scenes/Level Scene.unity using Guid(a2e3799d88490fb4aa52b6e75d2785de) Importer(815301076,1909f56bfc062723c751e8b465ee728b)  -> (artifact id: 'c28a07ce27a1802320c1cebc172ee0bf') in 0.012050 seconds
  Import took 0.017035 seconds .

========================================================================
Received Prepare
Registering precompiled user dll's ...
Registered in 0.001725 seconds.
Begin MonoManager ReloadAssembly
Native extension for WindowsStandalone target not found
Native extension for WebGL target not found
Refreshing native plugins compatible for Editor in 0.36 ms, found 1 plugins.
Preloading 0 native plugins for Editor in 0.00 ms.
Invoked RoslynAnalysisRunner static constructor.
RoslynAnalysisRunner will not be running.
RoslynAnalysisRunner has terminated.
Mono: successfully reloaded assembly
- Completed reload, in  1.011 seconds
Platform modules already initialized, skipping
Refreshing native plugins compatible for Editor in 0.39 ms, found 1 plugins.
Preloading 0 native plugins for Editor in 0.00 ms.
Unloading 1833 Unused Serialized files (Serialized files now loaded: 0)
System memory in use before: 90.5 MB.
System memory in use after: 90.6 MB.

Unloading 7 unused Assets to reduce memory usage. Loaded Objects now: 2360.
Total: 6.505200 ms (FindLiveObjects: 0.722800 ms CreateObjectMapping: 0.336100 ms MarkObjects: 5.404300 ms  DeleteObjects: 0.038200 ms)

========================================================================
Received Import Request.
  Time since last request: 1371.479500 seconds.
  path: Assets/Images/Benny Potter.png
  artifactKey: Guid(d87d8564f57c972419252a058f12771f) Importer(815301076,1909f56bfc062723c751e8b465ee728b)
Start importing Assets/Images/Benny Potter.png using Guid(d87d8564f57c972419252a058f12771f) Importer(815301076,1909f56bfc062723c751e8b465ee728b)  -> (artifact id: '83999a0223a01186709a84386cb54874') in 0.178844 seconds
  Import took 0.185100 seconds .

========================================================================
Received Import Request.
  Time since last request: 0.000261 seconds.
  path: Assets/Images/The-Wizard-Of-Aus.png
  artifactKey: Guid(ece6312a6ffb7b148b3c4edbe278da15) Importer(815301076,1909f56bfc062723c751e8b465ee728b)
Start importing Assets/Images/The-Wizard-Of-Aus.png using Guid(ece6312a6ffb7b148b3c4edbe278da15) Importer(815301076,1909f56bfc062723c751e8b465ee728b)  -> (artifact id: 'da6a0731fef9b399650afc632864c6c0') in 0.054312 seconds
  Import took 0.063112 seconds .

========================================================================
Received Import Request.
  Time since last request: 0.000480 seconds.
  path: Assets/Images/Benny Potter.png
  artifactKey: Guid(d87d8564f57c972419252a058f12771f) Importer(815301076,1909f56bfc062723c751e8b465ee728b)
Start importing Assets/Images/Benny Potter.png using Guid(d87d8564f57c972419252a058f12771f) Importer(815301076,1909f56bfc062723c751e8b465ee728b)  -> (artifact id: '83999a0223a01186709a84386cb54874') in 0.039630 seconds
  Import took 0.046400 seconds .

========================================================================
Received Import Request.
  Time since last request: 0.000433 seconds.
  path: Assets/Images/The-Wizard-Of-Aus.png
  artifactKey: Guid(ece6312a6ffb7b148b3c4edbe278da15) Importer(815301076,1909f56bfc062723c751e8b465ee728b)
Start importing Assets/Images/The-Wizard-Of-Aus.png using Guid(ece6312a6ffb7b148b3c4edbe278da15) Importer(815301076,1909f56bfc062723c751e8b465ee728b)  -> (artifact id: 'da6a0731fef9b399650afc632864c6c0') in 0.042304 seconds
  Import took 0.049991 seconds .

========================================================================
Received Import Request.
  Time since last request: 124.910245 seconds.
  path: Assets/Scenes/Start Menu.unity
  artifactKey: Guid(2cda990e2423bbf4892e6590ba056729) Importer(815301076,1909f56bfc062723c751e8b465ee728b)
Start importing Assets/Scenes/Start Menu.unity using Guid(2cda990e2423bbf4892e6590ba056729) Importer(815301076,1909f56bfc062723c751e8b465ee728b)  -> (artifact id: 'dbff4a2dfb7e791007fc585ac48f9f9f') in 0.018015 seconds
  Import took 0.022942 seconds .

========================================================================
Received Import Request.
  Time since last request: 2.096048 seconds.
  path: Assets/Scenes/Level Scene.unity
  artifactKey: Guid(a2e3799d88490fb4aa52b6e75d2785de) Importer(815301076,1909f56bfc062723c751e8b465ee728b)
Start importing Assets/Scenes/Level Scene.unity using Guid(a2e3799d88490fb4aa52b6e75d2785de) Importer(815301076,1909f56bfc062723c751e8b465ee728b)  -> (artifact id: '9f7d19e71a2344d9cb3600fedce2b6f3') in 0.009143 seconds
  Import took 0.013829 seconds .

========================================================================
Received Import Request.
  Time since last request: 57.839791 seconds.
  path: Assets/Scenes/Level Scene.unity
  artifactKey: Guid(a2e3799d88490fb4aa52b6e75d2785de) Importer(815301076,1909f56bfc062723c751e8b465ee728b)
Start importing Assets/Scenes/Level Scene.unity using Guid(a2e3799d88490fb4aa52b6e75d2785de) Importer(815301076,1909f56bfc062723c751e8b465ee728b)  -> (artifact id: '00a110ae8b7f9eab66aff35010ff65a0') in 0.016948 seconds
  Import took 0.021894 seconds .

AssetImportWorkerClient::OnTransportError - code=2 error=End of file
