Using pre-set license
Built from '2020.3/staging' branch; Version is '2020.3.14f1 (d0d1bb862f9d) revision 13685179'; Using compiler version '192528614'; Build Type 'Release'
OS: 'Windows 10 Home; OS build 19043.1237; Version 2009; 64bit' Language: 'he' Physical Memory: 32699 MB
BatchMode: 1, IsHumanControllingUs: 0, StartBugReporterOnCrash: 0, Is64bit: 1, IsPro: 0

 COMMAND LINE ARGUMENTS:
C:\unityversions\2020.3.14f1\Editor\Unity.exe
-adb2
-batchMode
-noUpm
-name
AssetImportWorker0
-projectPath
C:/Users/Public/UnityProj/Complete C# Unity Game Developer 2D Online Course/Endless_Shmup_2D/Endless Shooter 2D
-logFile
Logs/AssetImportWorker0.log
-srvPort
51816
Successfully changed project path to: C:/Users/Public/UnityProj/Complete C# Unity Game Developer 2D Online Course/Endless_Shmup_2D/Endless Shooter 2D
C:/Users/Public/UnityProj/Complete C# Unity Game Developer 2D Online Course/Endless_Shmup_2D/Endless Shooter 2D
Using Asset Import Pipeline V2.
Refreshing native plugins compatible for Editor in 38.50 ms, found 3 plugins.
Preloading 0 native plugins for Editor in 0.00 ms.
Initialize engine version: 2020.3.14f1 (d0d1bb862f9d)
[Subsystems] Discovering subsystems at path C:/unityversions/2020.3.14f1/Editor/Data/Resources/UnitySubsystems
[Subsystems] Discovering subsystems at path C:/Users/Public/UnityProj/Complete C# Unity Game Developer 2D Online Course/Endless_Shmup_2D/Endless Shooter 2D/Assets
GfxDevice: creating device client; threaded=0
Direct3D:
    Version:  Direct3D 11.0 [level 11.1]
    Renderer: NVIDIA GeForce GTX 1660 (ID=0x2184)
    Vendor:   
    VRAM:     5991 MB
    Driver:   30.0.14.7196
Initialize mono
Mono path[0] = 'C:/unityversions/2020.3.14f1/Editor/Data/Managed'
Mono path[1] = 'C:/unityversions/2020.3.14f1/Editor/Data/MonoBleedingEdge/lib/mono/unityjit'
Mono config path = 'C:/unityversions/2020.3.14f1/Editor/Data/MonoBleedingEdge/etc'
Using monoOptions --debugger-agent=transport=dt_socket,embedding=1,server=y,suspend=n,address=127.0.0.1:56552
Begin MonoManager ReloadAssembly
Registering precompiled unity dll's ...
Register platform support module: C:/unityversions/2020.3.14f1/Editor/Data/PlaybackEngines/WebGLSupport/UnityEditor.WebGL.Extensions.dll
Register platform support module: C:/unityversions/2020.3.14f1/Editor/Data/PlaybackEngines/WindowsStandaloneSupport/UnityEditor.WindowsStandalone.Extensions.dll
Registered in 0.001874 seconds.
Native extension for WindowsStandalone target not found
Native extension for WebGL target not found
Refreshing native plugins compatible for Editor in 31.93 ms, found 3 plugins.
Preloading 0 native plugins for Editor in 0.00 ms.
Mono: successfully reloaded assembly
- Completed reload, in  1.658 seconds
Domain Reload Profiling:
	ReloadAssembly (1658ms)
		BeginReloadAssembly (43ms)
			ExecutionOrderSort (0ms)
			DisableScriptedObjects (0ms)
			BackupInstance (0ms)
			ReleaseScriptingObjects (0ms)
			CreateAndSetChildDomain (1ms)
		EndReloadAssembly (350ms)
			LoadAssemblies (42ms)
			RebuildTransferFunctionScriptingTraits (0ms)
			SetupTypeCache (120ms)
			ReleaseScriptCaches (0ms)
			RebuildScriptCaches (28ms)
			SetupLoadedEditorAssemblies (138ms)
				LogAssemblyErrors (0ms)
				InitializePlatformSupportModulesInManaged (4ms)
				SetLoadedEditorAssemblies (0ms)
				RefreshPlugins (32ms)
				BeforeProcessingInitializeOnLoad (11ms)
				ProcessInitializeOnLoadAttributes (68ms)
				ProcessInitializeOnLoadMethodAttributes (23ms)
				AfterProcessingInitializeOnLoad (0ms)
				EditorAssembliesLoaded (0ms)
			ExecutionOrderSort2 (0ms)
			AwakeInstancesAfterBackupRestoration (0ms)
Platform modules already initialized, skipping
Registering precompiled user dll's ...
Registered in 0.003598 seconds.
Begin MonoManager ReloadAssembly
Native extension for WindowsStandalone target not found
Native extension for WebGL target not found
Refreshing native plugins compatible for Editor in 32.13 ms, found 3 plugins.
Preloading 0 native plugins for Editor in 0.00 ms.
Mono: successfully reloaded assembly
- Completed reload, in  0.926 seconds
Domain Reload Profiling:
	ReloadAssembly (927ms)
		BeginReloadAssembly (116ms)
			ExecutionOrderSort (0ms)
			DisableScriptedObjects (4ms)
			BackupInstance (0ms)
			ReleaseScriptingObjects (0ms)
			CreateAndSetChildDomain (14ms)
		EndReloadAssembly (759ms)
			LoadAssemblies (75ms)
			RebuildTransferFunctionScriptingTraits (0ms)
			SetupTypeCache (233ms)
			ReleaseScriptCaches (0ms)
			RebuildScriptCaches (45ms)
			SetupLoadedEditorAssemblies (298ms)
				LogAssemblyErrors (0ms)
				InitializePlatformSupportModulesInManaged (4ms)
				SetLoadedEditorAssemblies (0ms)
				RefreshPlugins (32ms)
				BeforeProcessingInitializeOnLoad (77ms)
				ProcessInitializeOnLoadAttributes (168ms)
				ProcessInitializeOnLoadMethodAttributes (10ms)
				AfterProcessingInitializeOnLoad (5ms)
				EditorAssembliesLoaded (0ms)
			ExecutionOrderSort2 (0ms)
			AwakeInstancesAfterBackupRestoration (6ms)
Platform modules already initialized, skipping
========================================================================
Worker process is ready to serve import requests
Launched and connected shader compiler UnityShaderCompiler.exe after 0.04 seconds
Refreshing native plugins compatible for Editor in 0.60 ms, found 3 plugins.
Preloading 0 native plugins for Editor in 0.00 ms.
Unloading 2099 Unused Serialized files (Serialized files now loaded: 0)
System memory in use before: 94.2 MB.
System memory in use after: 94.1 MB.

Unloading 33 unused Assets to reduce memory usage. Loaded Objects now: 2533.
Total: 1.904900 ms (FindLiveObjects: 0.164200 ms CreateObjectMapping: 0.055600 ms MarkObjects: 1.583400 ms  DeleteObjects: 0.100800 ms)

AssetImportParameters requested are different than current active one (requested -> active):
  custom:framework-win-MediaFoundation: 216162199b28c13a410421893ffa2e32 -> 
  custom:video-decoder-ogg-theora: a1e56fd34408186e4bbccfd4996cb3dc -> 
  custom:container-muxer-webm: aa71ff27fc2769a1b78a27578f13a17b -> 
  custom:container-demuxer-webm: 4f35f7cbe854078d1ac9338744f61a02 -> 
  custom:container-demuxer-ogg: 62fdf1f143b41e24485cea50d1cbac27 -> 
  custom:video-encoder-webm-vp8: eb34c28f22e8b96e1ab97ce403110664 -> 
  custom:video-decoder-webm-vp8: 9c59270c3fd7afecdb556c50c9e8de78 -> 
  custom:audio-decoder-ogg-vorbis: bf7c407c2cedff20999df2af8eb42d56 -> 
  custom:audio-encoder-webm-vorbis: bf7c407c2cedff20999df2af8eb42d56 -> 
========================================================================
Received Import Request.
  path: Assets/_Importet Assets/2D Space Kit/Background Elements/Dust and Nebulae/Nebula 3.png
  artifactKey: Guid(b4b46f397c9379144b897273484d1510) Importer(815301076,1909f56bfc062723c751e8b465ee728b)
Start importing Assets/_Importet Assets/2D Space Kit/Background Elements/Dust and Nebulae/Nebula 3.png using Guid(b4b46f397c9379144b897273484d1510) Importer(815301076,1909f56bfc062723c751e8b465ee728b)  -> (artifact id: 'eeedb1b0e971311a4154cb04b0e034df') in 0.203434 seconds 
  Import took 0.206989 seconds .

========================================================================
Received Import Request.
  Time since last request: 0.000318 seconds.
  path: Assets/_Importet Assets/2D Space Kit/Backgrounds/Fantasy Purple 2048/Fantasy 2.jpg
  artifactKey: Guid(3166c69edc3db4d4da01ada77c84f9d8) Importer(815301076,1909f56bfc062723c751e8b465ee728b)
Start importing Assets/_Importet Assets/2D Space Kit/Backgrounds/Fantasy Purple 2048/Fantasy 2.jpg using Guid(3166c69edc3db4d4da01ada77c84f9d8) Importer(815301076,1909f56bfc062723c751e8b465ee728b)  -> (artifact id: '1c83d128d4995940a999c8a81e5194d8') in 0.128845 seconds 
  Import took 0.133414 seconds .

========================================================================
Received Import Request.
  Time since last request: 0.000325 seconds.
  path: Assets/_Importet Assets/2D Space Kit/Background Elements/Planets/(Small) Rocky 1.png
  artifactKey: Guid(40c6b12207a2f7b4d89cebd87c303801) Importer(815301076,1909f56bfc062723c751e8b465ee728b)
Start importing Assets/_Importet Assets/2D Space Kit/Background Elements/Planets/(Small) Rocky 1.png using Guid(40c6b12207a2f7b4d89cebd87c303801) Importer(815301076,1909f56bfc062723c751e8b465ee728b)  -> (artifact id: '005e9b5c672b22dc5656f27e28606f84') in 0.040537 seconds 
  Import took 0.043609 seconds .

========================================================================
Received Import Request.
  Time since last request: 0.000299 seconds.
  path: Assets/_Importet Assets/2D Space Kit/Background Elements/Planets/Planet Masks/Mask 1 Full.png
  artifactKey: Guid(5fda62b2bf4a47a4e9daef4d41763bdf) Importer(815301076,1909f56bfc062723c751e8b465ee728b)
Start importing Assets/_Importet Assets/2D Space Kit/Background Elements/Planets/Planet Masks/Mask 1 Full.png using Guid(5fda62b2bf4a47a4e9daef4d41763bdf) Importer(815301076,1909f56bfc062723c751e8b465ee728b)  -> (artifact id: '2fcdb4371436faf855cf8b6a4024304e') in 0.084430 seconds 
  Import took 0.088936 seconds .

========================================================================
Received Import Request.
  Time since last request: 0.000240 seconds.
  path: Assets/_Importet Assets/2D Space Kit/Turrets/Turret Small 1.png
  artifactKey: Guid(c8a99bdd0f08b8c47af88824e592097b) Importer(815301076,1909f56bfc062723c751e8b465ee728b)
Start importing Assets/_Importet Assets/2D Space Kit/Turrets/Turret Small 1.png using Guid(c8a99bdd0f08b8c47af88824e592097b) Importer(815301076,1909f56bfc062723c751e8b465ee728b)  -> (artifact id: 'df5802d8e2519a5951a8d1f39472f610') in 0.011407 seconds 
  Import took 0.014907 seconds .

========================================================================
Received Import Request.
  Time since last request: 0.000264 seconds.
  path: Assets/_Importet Assets/2D Space Kit/Particles (Sprites)/Projectile Thin.png
  artifactKey: Guid(2b9d02daf092f1f4589868061e46f087) Importer(815301076,1909f56bfc062723c751e8b465ee728b)
Start importing Assets/_Importet Assets/2D Space Kit/Particles (Sprites)/Projectile Thin.png using Guid(2b9d02daf092f1f4589868061e46f087) Importer(815301076,1909f56bfc062723c751e8b465ee728b)  -> (artifact id: 'aabcc2d93ff10271de28932395db184c') in 0.014786 seconds 
  Import took 0.018796 seconds .

========================================================================
Received Import Request.
  Time since last request: 0.000278 seconds.
  path: Assets/_Importet Assets/2D Space Kit/Background Elements/Stars/Dwarf.png
  artifactKey: Guid(b641725fae57b5a45b7dcc72ff9eb6d5) Importer(815301076,1909f56bfc062723c751e8b465ee728b)
Start importing Assets/_Importet Assets/2D Space Kit/Background Elements/Stars/Dwarf.png using Guid(b641725fae57b5a45b7dcc72ff9eb6d5) Importer(815301076,1909f56bfc062723c751e8b465ee728b)  -> (artifact id: 'e9102d9d9f9749bba14e8ad3c6caa315') in 0.046743 seconds 
  Import took 0.050625 seconds .

========================================================================
Received Import Request.
  Time since last request: 0.000225 seconds.
  path: Assets/_Importet Assets/2D Space Kit/Debris/Debris (2).png
  artifactKey: Guid(dd427b106c4115f4ea1d1c10a4c91f55) Importer(815301076,1909f56bfc062723c751e8b465ee728b)
Start importing Assets/_Importet Assets/2D Space Kit/Debris/Debris (2).png using Guid(dd427b106c4115f4ea1d1c10a4c91f55) Importer(815301076,1909f56bfc062723c751e8b465ee728b)  -> (artifact id: 'f9425b47c925767b2e5204457623c65b') in 0.012693 seconds 
  Import took 0.015893 seconds .

========================================================================
Received Import Request.
  Time since last request: 0.000302 seconds.
  path: Assets/_Importet Assets/2D Space Kit/Backgrounds/6.png
  artifactKey: Guid(95098202e088b6d48b2ce02978c8713b) Importer(815301076,1909f56bfc062723c751e8b465ee728b)
Start importing Assets/_Importet Assets/2D Space Kit/Backgrounds/6.png using Guid(95098202e088b6d48b2ce02978c8713b) Importer(815301076,1909f56bfc062723c751e8b465ee728b)  -> (artifact id: '62e20528b524789b40bc94cd79cc29fe') in 0.354279 seconds 
  Import took 0.362099 seconds .

========================================================================
Received Import Request.
  Time since last request: 0.000269 seconds.
  path: Assets/_Importet Assets/2D Space Kit/Debris/Debris (5).png
  artifactKey: Guid(f0e169203ece9a743b398a34d45a0269) Importer(815301076,1909f56bfc062723c751e8b465ee728b)
Start importing Assets/_Importet Assets/2D Space Kit/Debris/Debris (5).png using Guid(f0e169203ece9a743b398a34d45a0269) Importer(815301076,1909f56bfc062723c751e8b465ee728b)  -> (artifact id: '655ca2258b459542516c3571c8bde345') in 0.012906 seconds 
  Import took 0.017261 seconds .

========================================================================
Received Import Request.
  Time since last request: 0.000260 seconds.
  path: Assets/_Importet Assets/2D Space Kit/Backgrounds/1.png
  artifactKey: Guid(89bca327dbe7e6540bb158ab20a8bcc3) Importer(815301076,1909f56bfc062723c751e8b465ee728b)
Start importing Assets/_Importet Assets/2D Space Kit/Backgrounds/1.png using Guid(89bca327dbe7e6540bb158ab20a8bcc3) Importer(815301076,1909f56bfc062723c751e8b465ee728b)  -> (artifact id: '73660f5c886c524d37871f88279490f6') in 0.289964 seconds 
  Import took 0.296359 seconds .

========================================================================
Received Import Request.
  Time since last request: 0.000302 seconds.
  path: Assets/_Importet Assets/2D Space Kit/Background Elements/Planets/Planet Masks/Mask Right 1.png
  artifactKey: Guid(8f4e226fe91d0fa4dab45e87f50d3504) Importer(815301076,1909f56bfc062723c751e8b465ee728b)
Start importing Assets/_Importet Assets/2D Space Kit/Background Elements/Planets/Planet Masks/Mask Right 1.png using Guid(8f4e226fe91d0fa4dab45e87f50d3504) Importer(815301076,1909f56bfc062723c751e8b465ee728b)  -> (artifact id: '1d472d572bafc7ad2e6ef870bedd6470') in 0.071343 seconds 
  Import took 0.074692 seconds .

========================================================================
Received Import Request.
  Time since last request: 0.000305 seconds.
  path: Assets/_Importet Assets/2D Space Kit/Background Elements/Dust and Nebulae/Nebula 2.png
  artifactKey: Guid(d7cd3cce2fc5c084eb7dab8f4c559963) Importer(815301076,1909f56bfc062723c751e8b465ee728b)
Start importing Assets/_Importet Assets/2D Space Kit/Background Elements/Dust and Nebulae/Nebula 2.png using Guid(d7cd3cce2fc5c084eb7dab8f4c559963) Importer(815301076,1909f56bfc062723c751e8b465ee728b)  -> (artifact id: 'f79a70ae44bc6ef2952a0414d9820ddd') in 0.079420 seconds 
  Import took 0.082870 seconds .

========================================================================
Received Import Request.
  Time since last request: 0.000266 seconds.
  path: Assets/_Importet Assets/2D Space Kit/Ships and Stations/Destroyer 1.png
  artifactKey: Guid(9731eae082186de439e5f70163f17d35) Importer(815301076,1909f56bfc062723c751e8b465ee728b)
Start importing Assets/_Importet Assets/2D Space Kit/Ships and Stations/Destroyer 1.png using Guid(9731eae082186de439e5f70163f17d35) Importer(815301076,1909f56bfc062723c751e8b465ee728b)  -> (artifact id: '89f23923ae4c5c147ef6fbfefad9a0bc') in 0.019515 seconds 
  Import took 0.023937 seconds .

========================================================================
Received Import Request.
  Time since last request: 0.000219 seconds.
  path: Assets/_Importet Assets/2D Space Kit/Background Elements/Planets/Planet Masks/Mask Half.png
  artifactKey: Guid(a6f815c487fec1646805cd8792638c0f) Importer(815301076,1909f56bfc062723c751e8b465ee728b)
Start importing Assets/_Importet Assets/2D Space Kit/Background Elements/Planets/Planet Masks/Mask Half.png using Guid(a6f815c487fec1646805cd8792638c0f) Importer(815301076,1909f56bfc062723c751e8b465ee728b)  -> (artifact id: '05a2b3b71af5eaa5155b57dea102d357') in 0.076310 seconds 
  Import took 0.079956 seconds .

========================================================================
Received Import Request.
  Time since last request: 0.000247 seconds.
  path: Assets/_Importet Assets/2D Space Kit/Particles (Sprites)/Smoke 2.png
  artifactKey: Guid(b0ed85a272b9b72439cc52dc2433f092) Importer(815301076,1909f56bfc062723c751e8b465ee728b)
Start importing Assets/_Importet Assets/2D Space Kit/Particles (Sprites)/Smoke 2.png using Guid(b0ed85a272b9b72439cc52dc2433f092) Importer(815301076,1909f56bfc062723c751e8b465ee728b)  -> (artifact id: 'bb3da2f4a0f0d99602e034934abdedfe') in 0.020469 seconds 
  Import took 0.023711 seconds .

========================================================================
Received Import Request.
  Time since last request: 0.000294 seconds.
  path: Assets/_Importet Assets/2D Space Kit/Backgrounds/Red Nebula 2048/background4.jpg
  artifactKey: Guid(fb594d11fe97b1f49950198315d5ccef) Importer(815301076,1909f56bfc062723c751e8b465ee728b)
Start importing Assets/_Importet Assets/2D Space Kit/Backgrounds/Red Nebula 2048/background4.jpg using Guid(fb594d11fe97b1f49950198315d5ccef) Importer(815301076,1909f56bfc062723c751e8b465ee728b)  -> (artifact id: 'd89407c91076a2cc835924be13e2d8be') in 0.086522 seconds 
  Import took 0.090976 seconds .

========================================================================
Received Import Request.
  Time since last request: 0.000235 seconds.
  path: Assets/_Importet Assets/2D Space Kit/Particles (Sprites)/DustSpray (1).png
  artifactKey: Guid(0c46a108de586de4da749c8c5ba30ec3) Importer(815301076,1909f56bfc062723c751e8b465ee728b)
Start importing Assets/_Importet Assets/2D Space Kit/Particles (Sprites)/DustSpray (1).png using Guid(0c46a108de586de4da749c8c5ba30ec3) Importer(815301076,1909f56bfc062723c751e8b465ee728b)  -> (artifact id: '5f8a460dd54252b84d9ac7984195c259') in 0.011487 seconds 
  Import took 0.015146 seconds .

========================================================================
Received Import Request.
  Time since last request: 0.000248 seconds.
  path: Assets/_Importet Assets/2D Space Kit/Background Elements/Dust and Nebulae/DustCloud 2.png
  artifactKey: Guid(eb6b83e9f13eb5e49b478a7e69ff5b36) Importer(815301076,1909f56bfc062723c751e8b465ee728b)
Start importing Assets/_Importet Assets/2D Space Kit/Background Elements/Dust and Nebulae/DustCloud 2.png using Guid(eb6b83e9f13eb5e49b478a7e69ff5b36) Importer(815301076,1909f56bfc062723c751e8b465ee728b)  -> (artifact id: '5c00c9fdde7dbdb26d975c787702a7b1') in 0.040187 seconds 
  Import took 0.044243 seconds .

========================================================================
Received Import Request.
  Time since last request: 0.000309 seconds.
  path: Assets/_Importet Assets/2D Space Kit/Backgrounds/5.png
  artifactKey: Guid(e9e9f9ef6000a0d449fe5228d5ba45a9) Importer(815301076,1909f56bfc062723c751e8b465ee728b)
Start importing Assets/_Importet Assets/2D Space Kit/Backgrounds/5.png using Guid(e9e9f9ef6000a0d449fe5228d5ba45a9) Importer(815301076,1909f56bfc062723c751e8b465ee728b)  -> (artifact id: '21059412c70c02a33285fc82233dec58') in 0.302795 seconds 
  Import took 0.309081 seconds .

========================================================================
Received Import Request.
  Time since last request: 0.000249 seconds.
  path: Assets/_Importet Assets/2D Space Kit/Asteroids/Asteroid 6.png
  artifactKey: Guid(9a04f6cfae75c064997fb1ddf1827c86) Importer(815301076,1909f56bfc062723c751e8b465ee728b)
Start importing Assets/_Importet Assets/2D Space Kit/Asteroids/Asteroid 6.png using Guid(9a04f6cfae75c064997fb1ddf1827c86) Importer(815301076,1909f56bfc062723c751e8b465ee728b)  -> (artifact id: '9bf4278982be2c06990faf8603e24063') in 0.019666 seconds 
  Import took 0.022957 seconds .

========================================================================
Received Import Request.
  Time since last request: 0.000233 seconds.
  path: Assets/_Importet Assets/2D Space Kit/Backgrounds/3.png
  artifactKey: Guid(9470fc80c20ec0d4ebd646f84d5419c9) Importer(815301076,1909f56bfc062723c751e8b465ee728b)
Start importing Assets/_Importet Assets/2D Space Kit/Backgrounds/3.png using Guid(9470fc80c20ec0d4ebd646f84d5419c9) Importer(815301076,1909f56bfc062723c751e8b465ee728b)  -> (artifact id: '894bc3a86f2e6919550cd3bcba1b83fd') in 0.295699 seconds 
  Import took 0.302421 seconds .

========================================================================
Received Import Request.
  Time since last request: 0.000254 seconds.
  path: Assets/_Importet Assets/2D Space Kit/Backgrounds/Fantasy Purple 2048/Fantasy 4.jpg
  artifactKey: Guid(1d7a870f42963bd40b1d7ea630bd883e) Importer(815301076,1909f56bfc062723c751e8b465ee728b)
Start importing Assets/_Importet Assets/2D Space Kit/Backgrounds/Fantasy Purple 2048/Fantasy 4.jpg using Guid(1d7a870f42963bd40b1d7ea630bd883e) Importer(815301076,1909f56bfc062723c751e8b465ee728b)  -> (artifact id: '69b183296c528443e565fcdf3ee47cac') in 0.082945 seconds 
  Import took 0.087364 seconds .

========================================================================
Received Import Request.
  Time since last request: 0.000235 seconds.
  path: Assets/_Importet Assets/2D Space Kit/Ships and Stations/Frigate 1.png
  artifactKey: Guid(e72b5607b24dd3247a7168ad745086fb) Importer(815301076,1909f56bfc062723c751e8b465ee728b)
Start importing Assets/_Importet Assets/2D Space Kit/Ships and Stations/Frigate 1.png using Guid(e72b5607b24dd3247a7168ad745086fb) Importer(815301076,1909f56bfc062723c751e8b465ee728b)  -> (artifact id: '62148033f9f6b05d91cc8485f67969c6') in 0.014175 seconds 
  Import took 0.017655 seconds .

========================================================================
Received Import Request.
  Time since last request: 0.000306 seconds.
  path: Assets/_Importet Assets/2D Space Kit/Particles (Sprites)/Flare.png
  artifactKey: Guid(e299877945f4faa4d87538588f58b9a5) Importer(815301076,1909f56bfc062723c751e8b465ee728b)
Start importing Assets/_Importet Assets/2D Space Kit/Particles (Sprites)/Flare.png using Guid(e299877945f4faa4d87538588f58b9a5) Importer(815301076,1909f56bfc062723c751e8b465ee728b)  -> (artifact id: '13e794a3576d5735cd23f76a7e130fec') in 0.018000 seconds 
  Import took 0.022441 seconds .

========================================================================
Received Import Request.
  Time since last request: 0.000261 seconds.
  path: Assets/Sprites/Space_BG_1.png
  artifactKey: Guid(048e3f61b6de007439b544ab7ccff3c3) Importer(815301076,1909f56bfc062723c751e8b465ee728b)
Start importing Assets/Sprites/Space_BG_1.png using Guid(048e3f61b6de007439b544ab7ccff3c3) Importer(815301076,1909f56bfc062723c751e8b465ee728b)  -> (artifact id: '3ec8ebee222330b7e71d0baa7e55c7fa') in 0.018567 seconds 
  Import took 0.022472 seconds .

========================================================================
Received Import Request.
  Time since last request: 0.000285 seconds.
  path: Assets/_Importet Assets/2D Space Kit/Background Elements/Planets/Planet Masks/Mask Left 1.png
  artifactKey: Guid(b04c24285f1acd34e9e60705c78cb864) Importer(815301076,1909f56bfc062723c751e8b465ee728b)
Start importing Assets/_Importet Assets/2D Space Kit/Background Elements/Planets/Planet Masks/Mask Left 1.png using Guid(b04c24285f1acd34e9e60705c78cb864) Importer(815301076,1909f56bfc062723c751e8b465ee728b)  -> (artifact id: '6a1e634b000a152526a1cfc9a9602377') in 0.085398 seconds 
  Import took 0.088410 seconds .

========================================================================
Received Import Request.
  Time since last request: 0.000171 seconds.
  path: Assets/_Importet Assets/2D Space Kit/Ships and Stations/Station 1.png
  artifactKey: Guid(4af45e89e7061e7409f6aafe3149425b) Importer(815301076,1909f56bfc062723c751e8b465ee728b)
Start importing Assets/_Importet Assets/2D Space Kit/Ships and Stations/Station 1.png using Guid(4af45e89e7061e7409f6aafe3149425b) Importer(815301076,1909f56bfc062723c751e8b465ee728b)  -> (artifact id: '4ff1e6ae82b5291e6be3fa549cced97f') in 0.020754 seconds 
  Import took 0.024994 seconds .

========================================================================
Received Import Request.
  Time since last request: 0.000200 seconds.
  path: Assets/_Importet Assets/2D Space Kit/Background Elements/Planets/Planet Masks/Mask Left 3.png
  artifactKey: Guid(1e9580f886ca99c4cafde3f65717ad1d) Importer(815301076,1909f56bfc062723c751e8b465ee728b)
Start importing Assets/_Importet Assets/2D Space Kit/Background Elements/Planets/Planet Masks/Mask Left 3.png using Guid(1e9580f886ca99c4cafde3f65717ad1d) Importer(815301076,1909f56bfc062723c751e8b465ee728b)  -> (artifact id: '56bb4cac170ed7390303747282b3cfc3') in 0.079098 seconds 
  Import took 0.083207 seconds .

========================================================================
Received Import Request.
  Time since last request: 0.000272 seconds.
  path: Assets/_Importet Assets/2D Space Kit/Debris/Debris (6).png
  artifactKey: Guid(e1352270d3e737942b035266f61965d4) Importer(815301076,1909f56bfc062723c751e8b465ee728b)
Start importing Assets/_Importet Assets/2D Space Kit/Debris/Debris (6).png using Guid(e1352270d3e737942b035266f61965d4) Importer(815301076,1909f56bfc062723c751e8b465ee728b)  -> (artifact id: '4c05dc76f98dcac31068fba434c12917') in 0.015748 seconds 
  Import took 0.019536 seconds .

========================================================================
Received Import Request.
  Time since last request: 0.000236 seconds.
  path: Assets/_Importet Assets/2D Space Kit/Background Elements/Dust and Nebulae/DustCloud 1.png
  artifactKey: Guid(08ecf4a25d050774aa7035c80c938357) Importer(815301076,1909f56bfc062723c751e8b465ee728b)
Start importing Assets/_Importet Assets/2D Space Kit/Background Elements/Dust and Nebulae/DustCloud 1.png using Guid(08ecf4a25d050774aa7035c80c938357) Importer(815301076,1909f56bfc062723c751e8b465ee728b)  -> (artifact id: 'ccd011d4c77d4a27a172c3f482d58ca6') in 0.039746 seconds 
  Import took 0.044027 seconds .

========================================================================
Received Import Request.
  Time since last request: 0.000276 seconds.
  path: Assets/_Importet Assets/2D Space Kit/Ships and Stations/Frigate 2.png
  artifactKey: Guid(a39f5d360eb38284fb54a62672b5ec9f) Importer(815301076,1909f56bfc062723c751e8b465ee728b)
Start importing Assets/_Importet Assets/2D Space Kit/Ships and Stations/Frigate 2.png using Guid(a39f5d360eb38284fb54a62672b5ec9f) Importer(815301076,1909f56bfc062723c751e8b465ee728b)  -> (artifact id: 'da61f9af0ec01160caa486cbd071dfde') in 0.015570 seconds 
  Import took 0.018706 seconds .

========================================================================
Received Import Request.
  Time since last request: 0.000229 seconds.
  path: Assets/_Importet Assets/2D Space Kit/Particles (Sprites)/Smoke 3.png
  artifactKey: Guid(ee8075cd9076a904da23908561f65965) Importer(815301076,1909f56bfc062723c751e8b465ee728b)
Start importing Assets/_Importet Assets/2D Space Kit/Particles (Sprites)/Smoke 3.png using Guid(ee8075cd9076a904da23908561f65965) Importer(815301076,1909f56bfc062723c751e8b465ee728b)  -> (artifact id: 'b5e34a46d8be43ab4167a542710dad5b') in 0.016943 seconds 
  Import took 0.021420 seconds .

========================================================================
Received Import Request.
  Time since last request: 0.000382 seconds.
  path: Assets/_Importet Assets/2D Space Kit/Backgrounds/Red Nebula 2048/background1.jpg
  artifactKey: Guid(921c40fbf1338f9419f3823a92e4a267) Importer(815301076,1909f56bfc062723c751e8b465ee728b)
Start importing Assets/_Importet Assets/2D Space Kit/Backgrounds/Red Nebula 2048/background1.jpg using Guid(921c40fbf1338f9419f3823a92e4a267) Importer(815301076,1909f56bfc062723c751e8b465ee728b)  -> (artifact id: '233b550851f29aeebe5b7e84d95ea273') in 0.080187 seconds 
  Import took 0.084184 seconds .

========================================================================
Received Import Request.
  Time since last request: 0.000229 seconds.
  path: Assets/_Importet Assets/2D Space Kit/Ships and Stations/Destroyer 2.png
  artifactKey: Guid(859a688a03b6274409bde78f8c964d9f) Importer(815301076,1909f56bfc062723c751e8b465ee728b)
Start importing Assets/_Importet Assets/2D Space Kit/Ships and Stations/Destroyer 2.png using Guid(859a688a03b6274409bde78f8c964d9f) Importer(815301076,1909f56bfc062723c751e8b465ee728b)  -> (artifact id: '9651d2cec23d1f83ead0e7ccfe16698a') in 0.014101 seconds 
  Import took 0.017465 seconds .

========================================================================
Received Import Request.
  Time since last request: 0.000269 seconds.
  path: Assets/_Importet Assets/2D Space Kit/Ships and Stations/Fighter 2.png
  artifactKey: Guid(394b5b0edcab9644e883ef25893924dd) Importer(815301076,1909f56bfc062723c751e8b465ee728b)
Start importing Assets/_Importet Assets/2D Space Kit/Ships and Stations/Fighter 2.png using Guid(394b5b0edcab9644e883ef25893924dd) Importer(815301076,1909f56bfc062723c751e8b465ee728b)  -> (artifact id: '77c1ab8a9efd1b96cd6265a7d9f9476d') in 0.012518 seconds 
  Import took 0.016290 seconds .

========================================================================
Received Import Request.
  Time since last request: 0.000275 seconds.
  path: Assets/_Importet Assets/2D Space Kit/Particles (Sprites)/Explosion.png
  artifactKey: Guid(d30a353fc5e62e445b58e341d953d45e) Importer(815301076,1909f56bfc062723c751e8b465ee728b)
Start importing Assets/_Importet Assets/2D Space Kit/Particles (Sprites)/Explosion.png using Guid(d30a353fc5e62e445b58e341d953d45e) Importer(815301076,1909f56bfc062723c751e8b465ee728b)  -> (artifact id: '82240b6de604f998833d50c963e88953') in 0.013421 seconds 
  Import took 0.017787 seconds .

========================================================================
Received Import Request.
  Time since last request: 0.000232 seconds.
  path: Assets/_Importet Assets/2D Space Kit/Ships and Stations/Fighter 3.png
  artifactKey: Guid(367c33b49e78721499761b909b570691) Importer(815301076,1909f56bfc062723c751e8b465ee728b)
Start importing Assets/_Importet Assets/2D Space Kit/Ships and Stations/Fighter 3.png using Guid(367c33b49e78721499761b909b570691) Importer(815301076,1909f56bfc062723c751e8b465ee728b)  -> (artifact id: 'a856ba41a4704fab7714855b27a47ff9') in 0.014617 seconds 
  Import took 0.018377 seconds .

========================================================================
Received Import Request.
  Time since last request: 0.000276 seconds.
  path: Assets/_Importet Assets/2D Space Kit/Backgrounds/Fantasy Purple 2048/Fantasy 1.jpg
  artifactKey: Guid(bafbe3f2d9e9ad34bb059e9e72ee87e7) Importer(815301076,1909f56bfc062723c751e8b465ee728b)
Start importing Assets/_Importet Assets/2D Space Kit/Backgrounds/Fantasy Purple 2048/Fantasy 1.jpg using Guid(bafbe3f2d9e9ad34bb059e9e72ee87e7) Importer(815301076,1909f56bfc062723c751e8b465ee728b)  -> (artifact id: '73b4d29de37ead45cb87262029f7d753') in 0.080803 seconds 
  Import took 0.084412 seconds .

========================================================================
Received Import Request.
  Time since last request: 0.000246 seconds.
  path: Assets/_Importet Assets/2D Space Kit/Background Elements/Planets/(Small) Earthlike 1.png
  artifactKey: Guid(762a9530a0b13e347a9243ca9ffeb514) Importer(815301076,1909f56bfc062723c751e8b465ee728b)
Start importing Assets/_Importet Assets/2D Space Kit/Background Elements/Planets/(Small) Earthlike 1.png using Guid(762a9530a0b13e347a9243ca9ffeb514) Importer(815301076,1909f56bfc062723c751e8b465ee728b)  -> (artifact id: 'a8afba4b0ddfbeef0112af458041aac1') in 0.038804 seconds 
  Import took 0.042234 seconds .

========================================================================
Received Import Request.
  Time since last request: 0.000252 seconds.
  path: Assets/_Importet Assets/2D Space Kit/Ships and Stations/Alien 2.png
  artifactKey: Guid(a507e4d319138d44482579bc5610a9e5) Importer(815301076,1909f56bfc062723c751e8b465ee728b)
Start importing Assets/_Importet Assets/2D Space Kit/Ships and Stations/Alien 2.png using Guid(a507e4d319138d44482579bc5610a9e5) Importer(815301076,1909f56bfc062723c751e8b465ee728b)  -> (artifact id: '87ddbf75d9d96e51f0a6ceb643d0e467') in 0.014528 seconds 
  Import took 0.018273 seconds .

========================================================================
Received Import Request.
  Time since last request: 0.000265 seconds.
  path: Assets/_Importet Assets/2D Space Kit/Background Elements/Planets/Desert 2.png
  artifactKey: Guid(e3694e2f530c77047a06a0882da24e1f) Importer(815301076,1909f56bfc062723c751e8b465ee728b)
Start importing Assets/_Importet Assets/2D Space Kit/Background Elements/Planets/Desert 2.png using Guid(e3694e2f530c77047a06a0882da24e1f) Importer(815301076,1909f56bfc062723c751e8b465ee728b)  -> (artifact id: 'd8e86d2894be1dafec1eca3bf78203f2') in 0.096069 seconds 
  Import took 0.099920 seconds .

========================================================================
Received Import Request.
  Time since last request: 0.000225 seconds.
  path: Assets/_Importet Assets/2D Space Kit/Ships and Stations/Alien 3.png
  artifactKey: Guid(9323a6c37ab7cee46aff0f07c38607a9) Importer(815301076,1909f56bfc062723c751e8b465ee728b)
Start importing Assets/_Importet Assets/2D Space Kit/Ships and Stations/Alien 3.png using Guid(9323a6c37ab7cee46aff0f07c38607a9) Importer(815301076,1909f56bfc062723c751e8b465ee728b)  -> (artifact id: 'd16f7ae080e904ced334d31695f42be2') in 0.019890 seconds 
  Import took 0.023254 seconds .

========================================================================
Received Import Request.
  Time since last request: 0.000286 seconds.
  path: Assets/_Importet Assets/2D Space Kit/Backgrounds/Red Nebula 2048/background3.jpg
  artifactKey: Guid(cfda85b6bac60044aa300379d4b89e68) Importer(815301076,1909f56bfc062723c751e8b465ee728b)
Start importing Assets/_Importet Assets/2D Space Kit/Backgrounds/Red Nebula 2048/background3.jpg using Guid(cfda85b6bac60044aa300379d4b89e68) Importer(815301076,1909f56bfc062723c751e8b465ee728b)  -> (artifact id: '9948f3e7aff6efa1872140ed74dc9147') in 0.091619 seconds 
  Import took 0.095873 seconds .

========================================================================
Received Import Request.
  Time since last request: 0.000284 seconds.
  path: Assets/_Importet Assets/2D Space Kit/Asteroids/Asteroid 2.png
  artifactKey: Guid(0f3a720ed8c07f14ea6b92d6fefc8c0c) Importer(815301076,1909f56bfc062723c751e8b465ee728b)
Start importing Assets/_Importet Assets/2D Space Kit/Asteroids/Asteroid 2.png using Guid(0f3a720ed8c07f14ea6b92d6fefc8c0c) Importer(815301076,1909f56bfc062723c751e8b465ee728b)  -> (artifact id: 'e2443df5f2eabccfa9185deac9161422') in 0.011472 seconds 
  Import took 0.014766 seconds .

========================================================================
Received Import Request.
  Time since last request: 0.000303 seconds.
  path: Assets/_Importet Assets/2D Space Kit/Background Elements/Planets/Thick Atmo 1.png
  artifactKey: Guid(414e39860927b6c4daaa99c88c5e80e5) Importer(815301076,1909f56bfc062723c751e8b465ee728b)
Start importing Assets/_Importet Assets/2D Space Kit/Background Elements/Planets/Thick Atmo 1.png using Guid(414e39860927b6c4daaa99c88c5e80e5) Importer(815301076,1909f56bfc062723c751e8b465ee728b)  -> (artifact id: '1cd9280c762f7fc26294800a0f6db0b3') in 0.117443 seconds 
  Import took 0.122024 seconds .

========================================================================
Received Import Request.
  Time since last request: 0.000260 seconds.
  path: Assets/_Importet Assets/2D Space Kit/Background Elements/Planets/Ice 1.png
  artifactKey: Guid(7c319980570fa04458d24c2b30eaa0e6) Importer(815301076,1909f56bfc062723c751e8b465ee728b)
Start importing Assets/_Importet Assets/2D Space Kit/Background Elements/Planets/Ice 1.png using Guid(7c319980570fa04458d24c2b30eaa0e6) Importer(815301076,1909f56bfc062723c751e8b465ee728b)  -> (artifact id: '76c9c4ce509231ccd5136f10efae54f0') in 0.111310 seconds 
  Import took 0.116126 seconds .

========================================================================
Received Import Request.
  Time since last request: 0.000242 seconds.
  path: Assets/_Importet Assets/2D Space Kit/Ships and Stations/Fighter 1.png
  artifactKey: Guid(8d5f697c999643441bb417d834c597de) Importer(815301076,1909f56bfc062723c751e8b465ee728b)
Start importing Assets/_Importet Assets/2D Space Kit/Ships and Stations/Fighter 1.png using Guid(8d5f697c999643441bb417d834c597de) Importer(815301076,1909f56bfc062723c751e8b465ee728b)  -> (artifact id: '259d5424adb462950cc6692b0c405b61') in 0.010294 seconds 
  Import took 0.013888 seconds .

========================================================================
Received Import Request.
  Time since last request: 0.000276 seconds.
  path: Assets/_Importet Assets/2D Space Kit/Asteroids/Asteroid 3.png
  artifactKey: Guid(a44af304548cb7b4aadb97582f60d728) Importer(815301076,1909f56bfc062723c751e8b465ee728b)
Start importing Assets/_Importet Assets/2D Space Kit/Asteroids/Asteroid 3.png using Guid(a44af304548cb7b4aadb97582f60d728) Importer(815301076,1909f56bfc062723c751e8b465ee728b)  -> (artifact id: '496164914dd018ef24a4b840b5f81ff8') in 0.018755 seconds 
  Import took 0.022546 seconds .

========================================================================
Received Import Request.
  Time since last request: 0.000327 seconds.
  path: Assets/_Importet Assets/2D Space Kit/Turrets/Turret Small 4.png
  artifactKey: Guid(b520897860de45a489bea7656ba71eef) Importer(815301076,1909f56bfc062723c751e8b465ee728b)
Start importing Assets/_Importet Assets/2D Space Kit/Turrets/Turret Small 4.png using Guid(b520897860de45a489bea7656ba71eef) Importer(815301076,1909f56bfc062723c751e8b465ee728b)  -> (artifact id: '02bc51cc6f9559e2b1496226984d13fa') in 0.014169 seconds 
  Import took 0.018242 seconds .

========================================================================
Received Import Request.
  Time since last request: 0.000275 seconds.
  path: Assets/_Importet Assets/2D Space Kit/Background Elements/Planets/Gas 2.png
  artifactKey: Guid(ebc5a4f01947fc54096adcd9e1723924) Importer(815301076,1909f56bfc062723c751e8b465ee728b)
Start importing Assets/_Importet Assets/2D Space Kit/Background Elements/Planets/Gas 2.png using Guid(ebc5a4f01947fc54096adcd9e1723924) Importer(815301076,1909f56bfc062723c751e8b465ee728b)  -> (artifact id: '7db15e50c9899920e8a93701d77b11b1') in 0.115763 seconds 
  Import took 0.120548 seconds .

========================================================================
Received Import Request.
  Time since last request: 0.000216 seconds.
  path: Assets/_Importet Assets/2D Space Kit/Ships and Stations/Station 2.png
  artifactKey: Guid(e8c31d2fa3f34be4c81690a90d57718e) Importer(815301076,1909f56bfc062723c751e8b465ee728b)
Start importing Assets/_Importet Assets/2D Space Kit/Ships and Stations/Station 2.png using Guid(e8c31d2fa3f34be4c81690a90d57718e) Importer(815301076,1909f56bfc062723c751e8b465ee728b)  -> (artifact id: 'ed098165117eef3072790ea2fedede13') in 0.029953 seconds 
  Import took 0.035213 seconds .

========================================================================
Received Import Request.
  Time since last request: 0.000246 seconds.
  path: Assets/_Importet Assets/2D Space Kit/Particles (Sprites)/DustSpray (2).png
  artifactKey: Guid(86fb24d85ff46c2478675ef1b33e5869) Importer(815301076,1909f56bfc062723c751e8b465ee728b)
Start importing Assets/_Importet Assets/2D Space Kit/Particles (Sprites)/DustSpray (2).png using Guid(86fb24d85ff46c2478675ef1b33e5869) Importer(815301076,1909f56bfc062723c751e8b465ee728b)  -> (artifact id: '571bfe45ccdf7b3dc7c0ff4f5b6d5ab3') in 0.014748 seconds 
  Import took 0.017607 seconds .

========================================================================
Received Import Request.
  Time since last request: 0.000212 seconds.
  path: Assets/_Importet Assets/2D Space Kit/Background Elements/Planets/Planet Masks/Mask Right 3.png
  artifactKey: Guid(4d9174f391d4dde43ae46bb9c5800704) Importer(815301076,1909f56bfc062723c751e8b465ee728b)
Start importing Assets/_Importet Assets/2D Space Kit/Background Elements/Planets/Planet Masks/Mask Right 3.png using Guid(4d9174f391d4dde43ae46bb9c5800704) Importer(815301076,1909f56bfc062723c751e8b465ee728b)  -> (artifact id: 'bd07333f66e5150bcbcaf000b0f98af7') in 0.075717 seconds 
  Import took 0.079268 seconds .

========================================================================
Received Import Request.
  Time since last request: 0.000214 seconds.
  path: Assets/_Importet Assets/2D Space Kit/Particles (Sprites)/BigFlare.png
  artifactKey: Guid(5c018e4179a9d5245900ded5edc50e91) Importer(815301076,1909f56bfc062723c751e8b465ee728b)
Start importing Assets/_Importet Assets/2D Space Kit/Particles (Sprites)/BigFlare.png using Guid(5c018e4179a9d5245900ded5edc50e91) Importer(815301076,1909f56bfc062723c751e8b465ee728b)  -> (artifact id: '5ec51c338072c82027f359cd43715039') in 0.017022 seconds 
  Import took 0.020419 seconds .

========================================================================
Received Import Request.
  Time since last request: 0.000237 seconds.
  path: Assets/_Importet Assets/2D Space Kit/Turrets/Turret Small 3.png
  artifactKey: Guid(75d0fa0347708ef4498355b920afb845) Importer(815301076,1909f56bfc062723c751e8b465ee728b)
Start importing Assets/_Importet Assets/2D Space Kit/Turrets/Turret Small 3.png using Guid(75d0fa0347708ef4498355b920afb845) Importer(815301076,1909f56bfc062723c751e8b465ee728b)  -> (artifact id: '82dcf66c2a0283989cb321bd4b10c87a') in 0.014199 seconds 
  Import took 0.018065 seconds .

========================================================================
Received Import Request.
  Time since last request: 0.000296 seconds.
  path: Assets/_Importet Assets/2D Space Kit/Turrets/Turret Medium 1.png
  artifactKey: Guid(b618a4750ef81c94c8bcde0fae940691) Importer(815301076,1909f56bfc062723c751e8b465ee728b)
Start importing Assets/_Importet Assets/2D Space Kit/Turrets/Turret Medium 1.png using Guid(b618a4750ef81c94c8bcde0fae940691) Importer(815301076,1909f56bfc062723c751e8b465ee728b)  -> (artifact id: '424794d823850c5088f33320f76b05b0') in 0.018158 seconds 
  Import took 0.022424 seconds .

========================================================================
Received Import Request.
  Time since last request: 0.000325 seconds.
  path: Assets/_Importet Assets/2D Space Kit/Asteroids/Asteroid 1.png
  artifactKey: Guid(ee8261317c1ff734daa9da91d24312b3) Importer(815301076,1909f56bfc062723c751e8b465ee728b)
Start importing Assets/_Importet Assets/2D Space Kit/Asteroids/Asteroid 1.png using Guid(ee8261317c1ff734daa9da91d24312b3) Importer(815301076,1909f56bfc062723c751e8b465ee728b)  -> (artifact id: '3a856c1cfd57ae81190a20499aac46ec') in 0.012753 seconds 
  Import took 0.016165 seconds .

========================================================================
Received Import Request.
  Time since last request: 0.000180 seconds.
  path: Assets/_Importet Assets/2D Space Kit/Ships and Stations/Huge 1.png
  artifactKey: Guid(19ea3c87eb07d7f429b7164c647f167f) Importer(815301076,1909f56bfc062723c751e8b465ee728b)
Start importing Assets/_Importet Assets/2D Space Kit/Ships and Stations/Huge 1.png using Guid(19ea3c87eb07d7f429b7164c647f167f) Importer(815301076,1909f56bfc062723c751e8b465ee728b)  -> (artifact id: '54d0be0fded73d2ca11a59df0f56ff49') in 0.015945 seconds 
  Import took 0.019656 seconds .

========================================================================
Received Import Request.
  Time since last request: 0.000237 seconds.
  path: Assets/_Importet Assets/2D Space Kit/Background Elements/Stars/Main Sequence.png
  artifactKey: Guid(544323b25a430a94983ecb4cfa874b9d) Importer(815301076,1909f56bfc062723c751e8b465ee728b)
Start importing Assets/_Importet Assets/2D Space Kit/Background Elements/Stars/Main Sequence.png using Guid(544323b25a430a94983ecb4cfa874b9d) Importer(815301076,1909f56bfc062723c751e8b465ee728b)  -> (artifact id: 'a4bac8cd14e72f2784db01c8adb752d2') in 0.123097 seconds 
  Import took 0.128062 seconds .

========================================================================
Received Import Request.
  Time since last request: 0.000255 seconds.
  path: Assets/_Importet Assets/2D Space Kit/Debris/Debris (4).png
  artifactKey: Guid(1ac351cd14b08e04db823ec9346d42f8) Importer(815301076,1909f56bfc062723c751e8b465ee728b)
Start importing Assets/_Importet Assets/2D Space Kit/Debris/Debris (4).png using Guid(1ac351cd14b08e04db823ec9346d42f8) Importer(815301076,1909f56bfc062723c751e8b465ee728b)  -> (artifact id: '5069e395e850fed78b08cebd510c9371') in 0.013630 seconds 
  Import took 0.017723 seconds .

========================================================================
Received Import Request.
  Time since last request: 0.000319 seconds.
  path: Assets/_Importet Assets/2D Space Kit/Ships and Stations/Cruiser 1.png
  artifactKey: Guid(d01cff5f204294b49bb86fcf5a2aeec0) Importer(815301076,1909f56bfc062723c751e8b465ee728b)
Start importing Assets/_Importet Assets/2D Space Kit/Ships and Stations/Cruiser 1.png using Guid(d01cff5f204294b49bb86fcf5a2aeec0) Importer(815301076,1909f56bfc062723c751e8b465ee728b)  -> (artifact id: '34a3bf2a25e68ec96ff104b87638ed40') in 0.016455 seconds 
  Import took 0.019796 seconds .

========================================================================
Received Import Request.
  Time since last request: 0.000239 seconds.
  path: Assets/_Importet Assets/2D Space Kit/Ships and Stations/Alien 4.png
  artifactKey: Guid(83f530308b93c554f91af6d5a8ce5607) Importer(815301076,1909f56bfc062723c751e8b465ee728b)
Start importing Assets/_Importet Assets/2D Space Kit/Ships and Stations/Alien 4.png using Guid(83f530308b93c554f91af6d5a8ce5607) Importer(815301076,1909f56bfc062723c751e8b465ee728b)  -> (artifact id: '46c78e7b206f766ac1fd264eb33f0fef') in 0.012031 seconds 
  Import took 0.015505 seconds .

========================================================================
Received Import Request.
  Time since last request: 0.000224 seconds.
  path: Assets/_Importet Assets/2D Space Kit/Background Elements/Planets/Barren 2.png
  artifactKey: Guid(a4ca1cbe4b4e97c43aecb305a797ba5d) Importer(815301076,1909f56bfc062723c751e8b465ee728b)
Start importing Assets/_Importet Assets/2D Space Kit/Background Elements/Planets/Barren 2.png using Guid(a4ca1cbe4b4e97c43aecb305a797ba5d) Importer(815301076,1909f56bfc062723c751e8b465ee728b)  -> (artifact id: '32ed0996dae5bdeaa4cf13d0cdda0ab8') in 0.098114 seconds 
  Import took 0.102611 seconds .

========================================================================
Received Import Request.
  Time since last request: 0.000247 seconds.
  path: Assets/_Importet Assets/2D Space Kit/Background Elements/Dust and Nebulae/DustWisps 2.png
  artifactKey: Guid(b7dbf9af0c523fa4bb3990d6a75c7485) Importer(815301076,1909f56bfc062723c751e8b465ee728b)
Start importing Assets/_Importet Assets/2D Space Kit/Background Elements/Dust and Nebulae/DustWisps 2.png using Guid(b7dbf9af0c523fa4bb3990d6a75c7485) Importer(815301076,1909f56bfc062723c751e8b465ee728b)  -> (artifact id: '57c808438ba680a83c5838cf7d405b00') in 0.037454 seconds 
  Import took 0.040759 seconds .

========================================================================
Received Import Request.
  Time since last request: 0.000270 seconds.
  path: Assets/_Importet Assets/2D Space Kit/Particles (Sprites)/Starflare.png
  artifactKey: Guid(0cf63e7efdccc0a4793feeb4a05ec80e) Importer(815301076,1909f56bfc062723c751e8b465ee728b)
Start importing Assets/_Importet Assets/2D Space Kit/Particles (Sprites)/Starflare.png using Guid(0cf63e7efdccc0a4793feeb4a05ec80e) Importer(815301076,1909f56bfc062723c751e8b465ee728b)  -> (artifact id: '5cd6c492c56dde6bc5945084977740fb') in 0.022927 seconds 
  Import took 0.026526 seconds .

========================================================================
Received Import Request.
  Time since last request: 0.000274 seconds.
  path: Assets/_Importet Assets/2D Space Kit/Debris/Debris (3).png
  artifactKey: Guid(57d4fd0b0aa675a4b867404cf0888d22) Importer(815301076,1909f56bfc062723c751e8b465ee728b)
Start importing Assets/_Importet Assets/2D Space Kit/Debris/Debris (3).png using Guid(57d4fd0b0aa675a4b867404cf0888d22) Importer(815301076,1909f56bfc062723c751e8b465ee728b)  -> (artifact id: '56926c700fe0857ba4dd03ba72a749bd') in 0.014507 seconds 
  Import took 0.017980 seconds .

========================================================================
Received Import Request.
  Time since last request: 0.000309 seconds.
  path: Assets/_Importet Assets/2D Space Kit/Backgrounds/Fantasy Purple 2048/Fantasy 6.jpg
  artifactKey: Guid(cf301a0922f974b479929d2f98cf7180) Importer(815301076,1909f56bfc062723c751e8b465ee728b)
Start importing Assets/_Importet Assets/2D Space Kit/Backgrounds/Fantasy Purple 2048/Fantasy 6.jpg using Guid(cf301a0922f974b479929d2f98cf7180) Importer(815301076,1909f56bfc062723c751e8b465ee728b)  -> (artifact id: '2c7f68e32012c2a56b2609f309359347') in 0.080572 seconds 
  Import took 0.085269 seconds .

========================================================================
Received Import Request.
  Time since last request: 0.000232 seconds.
  path: Assets/_Importet Assets/2D Space Kit/Background Elements/Planets/Desert 3.png
  artifactKey: Guid(3493ad023d68bf2438bf5a6d6fa588a1) Importer(815301076,1909f56bfc062723c751e8b465ee728b)
Start importing Assets/_Importet Assets/2D Space Kit/Background Elements/Planets/Desert 3.png using Guid(3493ad023d68bf2438bf5a6d6fa588a1) Importer(815301076,1909f56bfc062723c751e8b465ee728b)  -> (artifact id: 'ce7c8eae501d37812ada54070fa2e4e9') in 0.096736 seconds 
  Import took 0.101496 seconds .

========================================================================
Received Import Request.
  Time since last request: 0.000251 seconds.
  path: Assets/_Importet Assets/2D Space Kit/Ships and Stations/Carrier 1.png
  artifactKey: Guid(9c85acf95f904fd479f36a25bc647fd9) Importer(815301076,1909f56bfc062723c751e8b465ee728b)
Start importing Assets/_Importet Assets/2D Space Kit/Ships and Stations/Carrier 1.png using Guid(9c85acf95f904fd479f36a25bc647fd9) Importer(815301076,1909f56bfc062723c751e8b465ee728b)  -> (artifact id: '1f12c264e79b6beadbff77902df8a865') in 0.019291 seconds 
  Import took 0.023179 seconds .

========================================================================
Received Import Request.
  Time since last request: 0.000303 seconds.
  path: Assets/_Importet Assets/2D Space Kit/Background Elements/Dust and Nebulae/DustWisps 1.png
  artifactKey: Guid(59007aecc7d3a6f458aba387ad7a7d29) Importer(815301076,1909f56bfc062723c751e8b465ee728b)
Start importing Assets/_Importet Assets/2D Space Kit/Background Elements/Dust and Nebulae/DustWisps 1.png using Guid(59007aecc7d3a6f458aba387ad7a7d29) Importer(815301076,1909f56bfc062723c751e8b465ee728b)  -> (artifact id: '1d6536a56e40932c3c02ca0a97249082') in 0.036407 seconds 
  Import took 0.039335 seconds .

========================================================================
Received Import Request.
  Time since last request: 0.000227 seconds.
  path: Assets/_Importet Assets/2D Space Kit/Backgrounds/Red Nebula 2048/background5.jpg
  artifactKey: Guid(137a7a4273c5c334a9c080e525db3501) Importer(815301076,1909f56bfc062723c751e8b465ee728b)
Start importing Assets/_Importet Assets/2D Space Kit/Backgrounds/Red Nebula 2048/background5.jpg using Guid(137a7a4273c5c334a9c080e525db3501) Importer(815301076,1909f56bfc062723c751e8b465ee728b)  -> (artifact id: 'ff9fb0d07e59bd5ec00e9cd148f8e690') in 0.083525 seconds 
  Import took 0.087234 seconds .

========================================================================
Received Import Request.
  Time since last request: 0.000223 seconds.
  path: Assets/_Importet Assets/2D Space Kit/Particles (Sprites)/Projectile Sharp.png
  artifactKey: Guid(31d8a46be10bcd3409183a6525fc1635) Importer(815301076,1909f56bfc062723c751e8b465ee728b)
Start importing Assets/_Importet Assets/2D Space Kit/Particles (Sprites)/Projectile Sharp.png using Guid(31d8a46be10bcd3409183a6525fc1635) Importer(815301076,1909f56bfc062723c751e8b465ee728b)  -> (artifact id: '5ca59f10b2b5ca83b789b74b34003a87') in 0.011825 seconds 
  Import took 0.014944 seconds .

========================================================================
Received Import Request.
  Time since last request: 0.000346 seconds.
  path: Assets/Sprites/Space_BG_2.png
  artifactKey: Guid(6353384fe04923e42ab15bd2b0bf3cb5) Importer(815301076,1909f56bfc062723c751e8b465ee728b)
Start importing Assets/Sprites/Space_BG_2.png using Guid(6353384fe04923e42ab15bd2b0bf3cb5) Importer(815301076,1909f56bfc062723c751e8b465ee728b)  -> (artifact id: 'ea4d18908a253960bedaa0ed263926fb') in 0.017365 seconds 
  Import took 0.021419 seconds .

========================================================================
Received Import Request.
  Time since last request: 0.000232 seconds.
  path: Assets/_Importet Assets/2D Space Kit/Background Elements/Planets/Planet Masks/Mask Right 2.png
  artifactKey: Guid(d3c4741a820942b4781b67434cfeda89) Importer(815301076,1909f56bfc062723c751e8b465ee728b)
Start importing Assets/_Importet Assets/2D Space Kit/Background Elements/Planets/Planet Masks/Mask Right 2.png using Guid(d3c4741a820942b4781b67434cfeda89) Importer(815301076,1909f56bfc062723c751e8b465ee728b)  -> (artifact id: '8d4582984b5579733abea6e7158c164f') in 0.078517 seconds 
  Import took 0.081909 seconds .

========================================================================
Received Import Request.
  Time since last request: 0.000238 seconds.
  path: Assets/_Importet Assets/2D Space Kit/Particles (Sprites)/Burst.png
  artifactKey: Guid(83bb9b768d3a6734aae0bfb712f96018) Importer(815301076,1909f56bfc062723c751e8b465ee728b)
Start importing Assets/_Importet Assets/2D Space Kit/Particles (Sprites)/Burst.png using Guid(83bb9b768d3a6734aae0bfb712f96018) Importer(815301076,1909f56bfc062723c751e8b465ee728b)  -> (artifact id: '65a5f78b3b67a11d3f2beeb1283faad1') in 0.013303 seconds 
  Import took 0.016463 seconds .

========================================================================
Received Import Request.
  Time since last request: 0.000314 seconds.
  path: Assets/_Importet Assets/2D Space Kit/Particles (Sprites)/Smoke 1.png
  artifactKey: Guid(6de6a4ab3d5aa76418929b1e99c29f81) Importer(815301076,1909f56bfc062723c751e8b465ee728b)
Start importing Assets/_Importet Assets/2D Space Kit/Particles (Sprites)/Smoke 1.png using Guid(6de6a4ab3d5aa76418929b1e99c29f81) Importer(815301076,1909f56bfc062723c751e8b465ee728b)  -> (artifact id: '634bda40079dacad7414542c514aec09') in 0.014057 seconds 
  Import took 0.017368 seconds .

========================================================================
Received Import Request.
  Time since last request: 0.000289 seconds.
  path: Assets/_Importet Assets/2D Space Kit/Turrets/Turret Medium 4.png
  artifactKey: Guid(15b3732051178b24494389111427ff7a) Importer(815301076,1909f56bfc062723c751e8b465ee728b)
Start importing Assets/_Importet Assets/2D Space Kit/Turrets/Turret Medium 4.png using Guid(15b3732051178b24494389111427ff7a) Importer(815301076,1909f56bfc062723c751e8b465ee728b)  -> (artifact id: 'fa8adcabf384b97382a5a721ad9568af') in 0.013506 seconds 
  Import took 0.017133 seconds .

========================================================================
Received Import Request.
  Time since last request: 0.000244 seconds.
  path: Assets/_Importet Assets/2D Space Kit/Background Elements/Planets/Earthlike 2.png
  artifactKey: Guid(3442ac8dad963a747bb2692857498584) Importer(815301076,1909f56bfc062723c751e8b465ee728b)
Start importing Assets/_Importet Assets/2D Space Kit/Background Elements/Planets/Earthlike 2.png using Guid(3442ac8dad963a747bb2692857498584) Importer(815301076,1909f56bfc062723c751e8b465ee728b)  -> (artifact id: 'e0288e770f8a2578e8c16a470bf5b11e') in 0.120255 seconds 
  Import took 0.124522 seconds .

========================================================================
Received Import Request.
  Time since last request: 0.000252 seconds.
  path: Assets/_Importet Assets/2D Space Kit/Particles (Sprites)/Small Flare.png
  artifactKey: Guid(b4632570e919c6f459168cdf0a8c9a2a) Importer(815301076,1909f56bfc062723c751e8b465ee728b)
Start importing Assets/_Importet Assets/2D Space Kit/Particles (Sprites)/Small Flare.png using Guid(b4632570e919c6f459168cdf0a8c9a2a) Importer(815301076,1909f56bfc062723c751e8b465ee728b)  -> (artifact id: 'f1b4f56819c67296019ed313788a742f') in 0.015393 seconds 
  Import took 0.019126 seconds .

========================================================================
Received Import Request.
  Time since last request: 0.000269 seconds.
  path: Assets/_Importet Assets/2D Space Kit/Asteroids/Asteroid 5.png
  artifactKey: Guid(06ebc3b6f7d199745ac6895e9d0f2e09) Importer(815301076,1909f56bfc062723c751e8b465ee728b)
Start importing Assets/_Importet Assets/2D Space Kit/Asteroids/Asteroid 5.png using Guid(06ebc3b6f7d199745ac6895e9d0f2e09) Importer(815301076,1909f56bfc062723c751e8b465ee728b)  -> (artifact id: '2bc7f2939eb7280ff57fe4cf0e36dd05') in 0.015277 seconds 
  Import took 0.018125 seconds .

========================================================================
Received Import Request.
  Time since last request: 0.000270 seconds.
  path: Assets/_Importet Assets/2D Space Kit/Background Elements/Planets/Planet Masks/Mask Left 2.png
  artifactKey: Guid(bb0d5d7c3f827624796a2589ab3ee0e8) Importer(815301076,1909f56bfc062723c751e8b465ee728b)
Start importing Assets/_Importet Assets/2D Space Kit/Background Elements/Planets/Planet Masks/Mask Left 2.png using Guid(bb0d5d7c3f827624796a2589ab3ee0e8) Importer(815301076,1909f56bfc062723c751e8b465ee728b)  -> (artifact id: '341f02b34d90b2b27ed965371572e4c5') in 0.074907 seconds 
  Import took 0.078332 seconds .

========================================================================
Received Import Request.
  Time since last request: 0.000225 seconds.
  path: Assets/_Importet Assets/2D Space Kit/Ships and Stations/Cruiser 2.png
  artifactKey: Guid(f0630834cdbcfa44e9df53403e44cd58) Importer(815301076,1909f56bfc062723c751e8b465ee728b)
Start importing Assets/_Importet Assets/2D Space Kit/Ships and Stations/Cruiser 2.png using Guid(f0630834cdbcfa44e9df53403e44cd58) Importer(815301076,1909f56bfc062723c751e8b465ee728b)  -> (artifact id: '95cfd552d9635c38f2678a466ef4fd1d') in 0.025635 seconds 
  Import took 0.029049 seconds .

========================================================================
Received Import Request.
  Time since last request: 0.000324 seconds.
  path: Assets/_Importet Assets/2D Space Kit/Background Elements/Planets/Primordial 1.png
  artifactKey: Guid(81ecaf6e42e6f7d429ddce051f638691) Importer(815301076,1909f56bfc062723c751e8b465ee728b)
Start importing Assets/_Importet Assets/2D Space Kit/Background Elements/Planets/Primordial 1.png using Guid(81ecaf6e42e6f7d429ddce051f638691) Importer(815301076,1909f56bfc062723c751e8b465ee728b)  -> (artifact id: '7570714376d096a77ba6ccb6046ca8a2') in 0.102982 seconds 
  Import took 0.108473 seconds .

========================================================================
Received Import Request.
  Time since last request: 0.000220 seconds.
  path: Assets/_Importet Assets/2D Space Kit/Backgrounds/2.png
  artifactKey: Guid(fea3b9b57e5d390449c6ed94f04da701) Importer(815301076,1909f56bfc062723c751e8b465ee728b)
Start importing Assets/_Importet Assets/2D Space Kit/Backgrounds/2.png using Guid(fea3b9b57e5d390449c6ed94f04da701) Importer(815301076,1909f56bfc062723c751e8b465ee728b)  -> (artifact id: 'b6a88d5d7b00a91e058bf9263b76a39c') in 0.275077 seconds 
  Import took 0.281878 seconds .

========================================================================
Received Import Request.
  Time since last request: 0.000271 seconds.
  path: Assets/_Importet Assets/2D Space Kit/Background Elements/Stars/Hypergiant.png
  artifactKey: Guid(6b0cd696f55b64e409db945a29d0334d) Importer(815301076,1909f56bfc062723c751e8b465ee728b)
Start importing Assets/_Importet Assets/2D Space Kit/Background Elements/Stars/Hypergiant.png using Guid(6b0cd696f55b64e409db945a29d0334d) Importer(815301076,1909f56bfc062723c751e8b465ee728b)  -> (artifact id: '1507cc3bf71e85fd4008e8429db68604') in 0.095534 seconds 
  Import took 0.100438 seconds .

========================================================================
Received Import Request.
  Time since last request: 0.000251 seconds.
  path: Assets/_Importet Assets/2D Space Kit/Background Elements/Planets/Thick Atmo 2.png
  artifactKey: Guid(40f295fe140bd1947afb964469df15c8) Importer(815301076,1909f56bfc062723c751e8b465ee728b)
Start importing Assets/_Importet Assets/2D Space Kit/Background Elements/Planets/Thick Atmo 2.png using Guid(40f295fe140bd1947afb964469df15c8) Importer(815301076,1909f56bfc062723c751e8b465ee728b)  -> (artifact id: '3d7eec66282a62bf41790044f44bfa92') in 0.104287 seconds 
  Import took 0.109196 seconds .

========================================================================
Received Import Request.
  Time since last request: 0.000268 seconds.
  path: Assets/_Importet Assets/2D Space Kit/Turrets/Turret Large 2.png
  artifactKey: Guid(9d7dfb09158050b4f87f70dcc341698c) Importer(815301076,1909f56bfc062723c751e8b465ee728b)
Start importing Assets/_Importet Assets/2D Space Kit/Turrets/Turret Large 2.png using Guid(9d7dfb09158050b4f87f70dcc341698c) Importer(815301076,1909f56bfc062723c751e8b465ee728b)  -> (artifact id: '831f4e5f5c43c9c5de69be649ec1d7a4') in 0.015580 seconds 
  Import took 0.018617 seconds .

========================================================================
Received Import Request.
  Time since last request: 0.000260 seconds.
  path: Assets/_Importet Assets/2D Space Kit/Background Elements/Planets/Gas 1.png
  artifactKey: Guid(d83a39fbdcc73354d815cab77c2f64e6) Importer(815301076,1909f56bfc062723c751e8b465ee728b)
Start importing Assets/_Importet Assets/2D Space Kit/Background Elements/Planets/Gas 1.png using Guid(d83a39fbdcc73354d815cab77c2f64e6) Importer(815301076,1909f56bfc062723c751e8b465ee728b)  -> (artifact id: '9fb272ac27c98a8f4408a1e221bcb72a') in 0.106820 seconds 
  Import took 0.111332 seconds .

========================================================================
Received Import Request.
  Time since last request: 0.000269 seconds.
  path: Assets/_Importet Assets/2D Space Kit/Background Elements/Planets/Gas 3.png
  artifactKey: Guid(95e1a48c8de1d9a4eadd9825f7cc869b) Importer(815301076,1909f56bfc062723c751e8b465ee728b)
Start importing Assets/_Importet Assets/2D Space Kit/Background Elements/Planets/Gas 3.png using Guid(95e1a48c8de1d9a4eadd9825f7cc869b) Importer(815301076,1909f56bfc062723c751e8b465ee728b)  -> (artifact id: '508adf4572a9602150420f7188756359') in 0.097452 seconds 
  Import took 0.101289 seconds .

========================================================================
Received Import Request.
  Time since last request: 0.000263 seconds.
  path: Assets/_Importet Assets/2D Space Kit/Ships and Stations/Turret Platform.png
  artifactKey: Guid(76b0aac3cf1d96c4dbe96461a16846a8) Importer(815301076,1909f56bfc062723c751e8b465ee728b)
Start importing Assets/_Importet Assets/2D Space Kit/Ships and Stations/Turret Platform.png using Guid(76b0aac3cf1d96c4dbe96461a16846a8) Importer(815301076,1909f56bfc062723c751e8b465ee728b)  -> (artifact id: 'b4376cef745050c1f8fc7461c7782a28') in 0.011894 seconds 
  Import took 0.015391 seconds .

========================================================================
Received Import Request.
  Time since last request: 0.000270 seconds.
  path: Assets/_Importet Assets/2D Space Kit/Backgrounds/Fantasy Purple 2048/Fantasy 3.jpg
  artifactKey: Guid(25b0de3e94ab17e4d8662c168a1f5614) Importer(815301076,1909f56bfc062723c751e8b465ee728b)
Start importing Assets/_Importet Assets/2D Space Kit/Backgrounds/Fantasy Purple 2048/Fantasy 3.jpg using Guid(25b0de3e94ab17e4d8662c168a1f5614) Importer(815301076,1909f56bfc062723c751e8b465ee728b)  -> (artifact id: '2c42c4c7ba678cca7d88d534ce0a2959') in 0.079561 seconds 
  Import took 0.083675 seconds .

========================================================================
Received Import Request.
  Time since last request: 0.000272 seconds.
  path: Assets/_Importet Assets/2D Space Kit/Debris/Debris (1).png
  artifactKey: Guid(8d6eaaefbef73894d96ae55f7da066ec) Importer(815301076,1909f56bfc062723c751e8b465ee728b)
Start importing Assets/_Importet Assets/2D Space Kit/Debris/Debris (1).png using Guid(8d6eaaefbef73894d96ae55f7da066ec) Importer(815301076,1909f56bfc062723c751e8b465ee728b)  -> (artifact id: '89508fa448a2b792a6e1a30adb772899') in 0.011972 seconds 
  Import took 0.014871 seconds .

========================================================================
Received Import Request.
  Time since last request: 0.000300 seconds.
  path: Assets/_Importet Assets/2D Space Kit/Ships and Stations/Cruiser 3.png
  artifactKey: Guid(c4f8a01fad80ab74f8e250b688d74a55) Importer(815301076,1909f56bfc062723c751e8b465ee728b)
Start importing Assets/_Importet Assets/2D Space Kit/Ships and Stations/Cruiser 3.png using Guid(c4f8a01fad80ab74f8e250b688d74a55) Importer(815301076,1909f56bfc062723c751e8b465ee728b)  -> (artifact id: '2bf9f307a7713c72f6ec48572ef232ef') in 0.016912 seconds 
  Import took 0.019954 seconds .

========================================================================
Received Import Request.
  Time since last request: 0.000293 seconds.
  path: Assets/_Importet Assets/2D Space Kit/Backgrounds/Fantasy Purple 2048/Fantasy 5.jpg
  artifactKey: Guid(037e9686aa46fb648b62b1d72388f2f2) Importer(815301076,1909f56bfc062723c751e8b465ee728b)
Start importing Assets/_Importet Assets/2D Space Kit/Backgrounds/Fantasy Purple 2048/Fantasy 5.jpg using Guid(037e9686aa46fb648b62b1d72388f2f2) Importer(815301076,1909f56bfc062723c751e8b465ee728b)  -> (artifact id: 'ce49b6049dc7a85880e419520951e3cb') in 0.086242 seconds 
  Import took 0.090800 seconds .

========================================================================
Received Import Request.
  Time since last request: 0.000255 seconds.
  path: Assets/_Importet Assets/2D Space Kit/Backgrounds/7.png
  artifactKey: Guid(1a66969665b53d447bf2bd675b3ad9da) Importer(815301076,1909f56bfc062723c751e8b465ee728b)
Start importing Assets/_Importet Assets/2D Space Kit/Backgrounds/7.png using Guid(1a66969665b53d447bf2bd675b3ad9da) Importer(815301076,1909f56bfc062723c751e8b465ee728b)  -> (artifact id: '59ffe96225870b1b1f350a2e00f24647') in 0.272705 seconds 
  Import took 0.279408 seconds .

========================================================================
Received Import Request.
  Time since last request: 0.000259 seconds.
  path: Assets/_Importet Assets/2D Space Kit/Background Elements/Planets/Earthlike 1.png
  artifactKey: Guid(8af57e43b5767104580271d5d970c4bb) Importer(815301076,1909f56bfc062723c751e8b465ee728b)
Start importing Assets/_Importet Assets/2D Space Kit/Background Elements/Planets/Earthlike 1.png using Guid(8af57e43b5767104580271d5d970c4bb) Importer(815301076,1909f56bfc062723c751e8b465ee728b)  -> (artifact id: '3217e6c3c6e80b3cafed64b030661531') in 0.097846 seconds 
  Import took 0.102154 seconds .

========================================================================
Received Import Request.
  Time since last request: 0.000262 seconds.
  path: Assets/_Importet Assets/2D Space Kit/Turrets/Turret Small 2.png
  artifactKey: Guid(677b4bafa69a3f24b904f82f7fc3deee) Importer(815301076,1909f56bfc062723c751e8b465ee728b)
Start importing Assets/_Importet Assets/2D Space Kit/Turrets/Turret Small 2.png using Guid(677b4bafa69a3f24b904f82f7fc3deee) Importer(815301076,1909f56bfc062723c751e8b465ee728b)  -> (artifact id: '9ad774cabafbb3552561967a417525ee') in 0.009648 seconds 
  Import took 0.013136 seconds .

========================================================================
Received Import Request.
  Time since last request: 0.000267 seconds.
  path: Assets/_Importet Assets/2D Space Kit/Particles (Sprites)/Shield Bubble.png
  artifactKey: Guid(1932640e6cf290044a4ee6967192234d) Importer(815301076,1909f56bfc062723c751e8b465ee728b)
Start importing Assets/_Importet Assets/2D Space Kit/Particles (Sprites)/Shield Bubble.png using Guid(1932640e6cf290044a4ee6967192234d) Importer(815301076,1909f56bfc062723c751e8b465ee728b)  -> (artifact id: '70058c285a6260f56052459e649107ad') in 0.018866 seconds 
  Import took 0.023003 seconds .

========================================================================
Received Import Request.
  Time since last request: 0.000263 seconds.
  path: Assets/_Importet Assets/2D Space Kit/Asteroids/Asteroid 4.png
  artifactKey: Guid(f254e398beb012142a24633fa2b82def) Importer(815301076,1909f56bfc062723c751e8b465ee728b)
Start importing Assets/_Importet Assets/2D Space Kit/Asteroids/Asteroid 4.png using Guid(f254e398beb012142a24633fa2b82def) Importer(815301076,1909f56bfc062723c751e8b465ee728b)  -> (artifact id: 'bf25d59243c108f8b5246cc6301b8a4e') in 0.018464 seconds 
  Import took 0.022738 seconds .

========================================================================
Received Import Request.
  Time since last request: 0.000264 seconds.
  path: Assets/_Importet Assets/2D Space Kit/Background Elements/Dust and Nebulae/Nebula 1.png
  artifactKey: Guid(26634c500603917408e265331ca4f2e2) Importer(815301076,1909f56bfc062723c751e8b465ee728b)
Start importing Assets/_Importet Assets/2D Space Kit/Background Elements/Dust and Nebulae/Nebula 1.png using Guid(26634c500603917408e265331ca4f2e2) Importer(815301076,1909f56bfc062723c751e8b465ee728b)  -> (artifact id: 'dae94171939adec52b369f6a36a88d76') in 0.084913 seconds 
  Import took 0.088388 seconds .

========================================================================
Received Import Request.
  Time since last request: 0.000230 seconds.
  path: Assets/_Importet Assets/2D Space Kit/Background Elements/Planets/Desert 1.png
  artifactKey: Guid(6bdef88550024bf4889656155eb1e123) Importer(815301076,1909f56bfc062723c751e8b465ee728b)
Start importing Assets/_Importet Assets/2D Space Kit/Background Elements/Planets/Desert 1.png using Guid(6bdef88550024bf4889656155eb1e123) Importer(815301076,1909f56bfc062723c751e8b465ee728b)  -> (artifact id: '8f0bf1fcddc282549aa0584191a49155') in 0.090895 seconds 
  Import took 0.094992 seconds .

========================================================================
Received Import Request.
  Time since last request: 0.000232 seconds.
  path: Assets/_Importet Assets/2D Space Kit/Turrets/Turret Medium 3.png
  artifactKey: Guid(c2fcd762a8bd6cf4dbd18ba12ddc1525) Importer(815301076,1909f56bfc062723c751e8b465ee728b)
Start importing Assets/_Importet Assets/2D Space Kit/Turrets/Turret Medium 3.png using Guid(c2fcd762a8bd6cf4dbd18ba12ddc1525) Importer(815301076,1909f56bfc062723c751e8b465ee728b)  -> (artifact id: '7e1e90780cc1decf10cd7ae7be730468') in 0.011457 seconds 
  Import took 0.014079 seconds .

========================================================================
Received Import Request.
  Time since last request: 0.000288 seconds.
  path: Assets/_Importet Assets/2D Space Kit/Background Elements/Stars/Brown Dwarf.png
  artifactKey: Guid(695689048c9d8b5408c8d1b998ab53bb) Importer(815301076,1909f56bfc062723c751e8b465ee728b)
Start importing Assets/_Importet Assets/2D Space Kit/Background Elements/Stars/Brown Dwarf.png using Guid(695689048c9d8b5408c8d1b998ab53bb) Importer(815301076,1909f56bfc062723c751e8b465ee728b)  -> (artifact id: '0c9c91ed65a58e4d1f16e836936d55a4') in 0.103366 seconds 
  Import took 0.108880 seconds .

========================================================================
Received Import Request.
  Time since last request: 0.000264 seconds.
  path: Assets/_Importet Assets/2D Space Kit/Turrets/Turret Large 1.png
  artifactKey: Guid(f94df059a55ade342918fe7d0e8c2299) Importer(815301076,1909f56bfc062723c751e8b465ee728b)
Start importing Assets/_Importet Assets/2D Space Kit/Turrets/Turret Large 1.png using Guid(f94df059a55ade342918fe7d0e8c2299) Importer(815301076,1909f56bfc062723c751e8b465ee728b)  -> (artifact id: '91919c7f2b1eafedb584ef64905b9c03') in 0.013459 seconds 
  Import took 0.016638 seconds .

========================================================================
Received Import Request.
  Time since last request: 0.000286 seconds.
  path: Assets/_Importet Assets/2D Space Kit/Turrets/Turret Medium 2.png
  artifactKey: Guid(a1a667fce840ba24190516baafb53769) Importer(815301076,1909f56bfc062723c751e8b465ee728b)
Start importing Assets/_Importet Assets/2D Space Kit/Turrets/Turret Medium 2.png using Guid(a1a667fce840ba24190516baafb53769) Importer(815301076,1909f56bfc062723c751e8b465ee728b)  -> (artifact id: 'e5df72d751ecf09feee554c0b86b42e8') in 0.012990 seconds 
  Import took 0.016716 seconds .

========================================================================
Received Import Request.
  Time since last request: 0.000307 seconds.
  path: Assets/_Importet Assets/2D Space Kit/Particles (Sprites)/Big Projectile.png
  artifactKey: Guid(b909b07c03c5f6b4687729ca067620c6) Importer(815301076,1909f56bfc062723c751e8b465ee728b)
Start importing Assets/_Importet Assets/2D Space Kit/Particles (Sprites)/Big Projectile.png using Guid(b909b07c03c5f6b4687729ca067620c6) Importer(815301076,1909f56bfc062723c751e8b465ee728b)  -> (artifact id: '105015ac82fd0ef356712e3a8d20b37c') in 0.012361 seconds 
  Import took 0.017347 seconds .

========================================================================
Received Import Request.
  Time since last request: 0.000245 seconds.
  path: Assets/Sprites/Enemy.png
  artifactKey: Guid(f7eb00cb3ec9bab45b85d561558c4250) Importer(815301076,1909f56bfc062723c751e8b465ee728b)
Start importing Assets/Sprites/Enemy.png using Guid(f7eb00cb3ec9bab45b85d561558c4250) Importer(815301076,1909f56bfc062723c751e8b465ee728b)  -> (artifact id: '039af88f6dcea81d3373b1a60585ca42') in 0.010783 seconds 
  Import took 0.014277 seconds .

========================================================================
Received Import Request.
  Time since last request: 0.000264 seconds.
  path: Assets/_Importet Assets/2D Space Kit/Backgrounds/Red Nebula 2048/background2.jpg
  artifactKey: Guid(03a24993c022d604ca1d4b85814469bf) Importer(815301076,1909f56bfc062723c751e8b465ee728b)
Start importing Assets/_Importet Assets/2D Space Kit/Backgrounds/Red Nebula 2048/background2.jpg using Guid(03a24993c022d604ca1d4b85814469bf) Importer(815301076,1909f56bfc062723c751e8b465ee728b)  -> (artifact id: 'd435c8b5b8ba66c46f60edfd4824c098') in 0.089150 seconds 
  Import took 0.093223 seconds .

========================================================================
Received Prepare
Refreshing native plugins compatible for Editor in 4.59 ms, found 3 plugins.
Preloading 0 native plugins for Editor in 0.00 ms.
Unloading 19 Unused Serialized files (Serialized files now loaded: 0)
System memory in use before: 55.8 MB.
System memory in use after: 55.8 MB.

Unloading 19 unused Assets to reduce memory usage. Loaded Objects now: 2617.
Total: 2.502200 ms (FindLiveObjects: 0.235000 ms CreateObjectMapping: 0.089000 ms MarkObjects: 2.081400 ms  DeleteObjects: 0.095900 ms)

AssetImportParameters requested are different than current active one (requested -> active):
  custom:framework-win-MediaFoundation: 216162199b28c13a410421893ffa2e32 -> 
  custom:video-decoder-ogg-theora: a1e56fd34408186e4bbccfd4996cb3dc -> 
  custom:container-muxer-webm: aa71ff27fc2769a1b78a27578f13a17b -> 
  custom:container-demuxer-webm: 4f35f7cbe854078d1ac9338744f61a02 -> 
  custom:container-demuxer-ogg: 62fdf1f143b41e24485cea50d1cbac27 -> 
  custom:video-encoder-webm-vp8: eb34c28f22e8b96e1ab97ce403110664 -> 
  custom:video-decoder-webm-vp8: 9c59270c3fd7afecdb556c50c9e8de78 -> 
  custom:audio-decoder-ogg-vorbis: bf7c407c2cedff20999df2af8eb42d56 -> 
  custom:audio-encoder-webm-vorbis: bf7c407c2cedff20999df2af8eb42d56 -> 
========================================================================
Received Prepare
Registering precompiled user dll's ...
Registered in 0.003309 seconds.
Begin MonoManager ReloadAssembly
Native extension for WindowsStandalone target not found
Native extension for WebGL target not found
Refreshing native plugins compatible for Editor in 0.40 ms, found 3 plugins.
Preloading 0 native plugins for Editor in 0.00 ms.
Mono: successfully reloaded assembly
- Completed reload, in  0.846 seconds
Domain Reload Profiling:
	ReloadAssembly (846ms)
		BeginReloadAssembly (99ms)
			ExecutionOrderSort (0ms)
			DisableScriptedObjects (5ms)
			BackupInstance (0ms)
			ReleaseScriptingObjects (0ms)
			CreateAndSetChildDomain (27ms)
		EndReloadAssembly (696ms)
			LoadAssemblies (72ms)
			RebuildTransferFunctionScriptingTraits (0ms)
			SetupTypeCache (230ms)
			ReleaseScriptCaches (1ms)
			RebuildScriptCaches (39ms)
			SetupLoadedEditorAssemblies (258ms)
				LogAssemblyErrors (0ms)
				InitializePlatformSupportModulesInManaged (5ms)
				SetLoadedEditorAssemblies (0ms)
				RefreshPlugins (0ms)
				BeforeProcessingInitializeOnLoad (75ms)
				ProcessInitializeOnLoadAttributes (167ms)
				ProcessInitializeOnLoadMethodAttributes (5ms)
				AfterProcessingInitializeOnLoad (5ms)
				EditorAssembliesLoaded (0ms)
			ExecutionOrderSort2 (0ms)
			AwakeInstancesAfterBackupRestoration (9ms)
Platform modules already initialized, skipping
Switching build target platform(19) subTarget(0) extendedPlatform(0) -> platform(13) subTarget(537395200) extendedPlatform(0)
Refreshing native plugins compatible for Editor in 0.39 ms, found 3 plugins.
Preloading 0 native plugins for Editor in 0.00 ms.
Unloading 2097 Unused Serialized files (Serialized files now loaded: 0)
System memory in use before: 97.4 MB.
System memory in use after: 97.3 MB.

Unloading 21 unused Assets to reduce memory usage. Loaded Objects now: 2620.
Total: 1.827700 ms (FindLiveObjects: 0.163200 ms CreateObjectMapping: 0.059200 ms MarkObjects: 1.522900 ms  DeleteObjects: 0.081600 ms)

AssetImportParameters requested are different than current active one (requested -> active):
  custom:framework-win-MediaFoundation: 216162199b28c13a410421893ffa2e32 -> 
  custom:video-decoder-ogg-theora: a1e56fd34408186e4bbccfd4996cb3dc -> 
  custom:container-muxer-webm: aa71ff27fc2769a1b78a27578f13a17b -> 
  custom:container-demuxer-webm: 4f35f7cbe854078d1ac9338744f61a02 -> 
  custom:container-demuxer-ogg: 62fdf1f143b41e24485cea50d1cbac27 -> 
  custom:video-encoder-webm-vp8: eb34c28f22e8b96e1ab97ce403110664 -> 
  custom:video-decoder-webm-vp8: 9c59270c3fd7afecdb556c50c9e8de78 -> 
  custom:graphics/normal-map-encoding: 01000000000000000000000000000000 -> 02000000000000000000000000000000
  custom:audio-decoder-ogg-vorbis: bf7c407c2cedff20999df2af8eb42d56 -> 
  custom:audio-encoder-webm-vorbis: bf7c407c2cedff20999df2af8eb42d56 -> 
AssetImportWorkerClient::OnTransportError - code=2 error=End of file
