Using pre-set license
Built from '2020.3/staging' branch; Version is '2020.3.14f1 (d0d1bb862f9d) revision 13685179'; Using compiler version '192528614'; Build Type 'Release'
OS: 'Windows 10 Home; OS build 19043.1237; Version 2009; 64bit' Language: 'he' Physical Memory: 32699 MB
BatchMode: 1, IsHumanControllingUs: 0, StartBugReporterOnCrash: 0, Is64bit: 1, IsPro: 0

 COMMAND LINE ARGUMENTS:
C:\unityversions\2020.3.14f1\Editor\Unity.exe
-adb2
-batchMode
-noUpm
-name
AssetImportWorker1
-projectPath
C:/Users/Public/UnityProj/Complete C# Unity Game Developer 2D Online Course/Endless_Shmup_2D/Endless Shooter 2D
-logFile
Logs/AssetImportWorker1.log
-srvPort
63323
Successfully changed project path to: C:/Users/Public/UnityProj/Complete C# Unity Game Developer 2D Online Course/Endless_Shmup_2D/Endless Shooter 2D
C:/Users/Public/UnityProj/Complete C# Unity Game Developer 2D Online Course/Endless_Shmup_2D/Endless Shooter 2D
Using Asset Import Pipeline V2.
Refreshing native plugins compatible for Editor in 32.51 ms, found 3 plugins.
Preloading 0 native plugins for Editor in 0.00 ms.
Initialize engine version: 2020.3.14f1 (d0d1bb862f9d)
[Subsystems] Discovering subsystems at path C:/unityversions/2020.3.14f1/Editor/Data/Resources/UnitySubsystems
[Subsystems] Discovering subsystems at path C:/Users/Public/UnityProj/Complete C# Unity Game Developer 2D Online Course/Endless_Shmup_2D/Endless Shooter 2D/Assets
GfxDevice: creating device client; threaded=0
Direct3D:
    Version:  Direct3D 11.0 [level 11.1]
    Renderer: NVIDIA GeForce GTX 1660 (ID=0x2184)
    Vendor:   
    VRAM:     5991 MB
    Driver:   30.0.14.7196
Initialize mono
Mono path[0] = 'C:/unityversions/2020.3.14f1/Editor/Data/Managed'
Mono path[1] = 'C:/unityversions/2020.3.14f1/Editor/Data/MonoBleedingEdge/lib/mono/unityjit'
Mono config path = 'C:/unityversions/2020.3.14f1/Editor/Data/MonoBleedingEdge/etc'
Using monoOptions --debugger-agent=transport=dt_socket,embedding=1,server=y,suspend=n,address=127.0.0.1:56352
Begin MonoManager ReloadAssembly
Registering precompiled unity dll's ...
Register platform support module: C:/unityversions/2020.3.14f1/Editor/Data/PlaybackEngines/WebGLSupport/UnityEditor.WebGL.Extensions.dll
Register platform support module: C:/unityversions/2020.3.14f1/Editor/Data/PlaybackEngines/WindowsStandaloneSupport/UnityEditor.WindowsStandalone.Extensions.dll
Registered in 0.001973 seconds.
Native extension for WindowsStandalone target not found
Native extension for WebGL target not found
Refreshing native plugins compatible for Editor in 34.92 ms, found 3 plugins.
Preloading 0 native plugins for Editor in 0.00 ms.
Mono: successfully reloaded assembly
- Completed reload, in  1.938 seconds
Domain Reload Profiling:
	ReloadAssembly (1938ms)
		BeginReloadAssembly (44ms)
			ExecutionOrderSort (0ms)
			DisableScriptedObjects (0ms)
			BackupInstance (0ms)
			ReleaseScriptingObjects (0ms)
			CreateAndSetChildDomain (1ms)
		EndReloadAssembly (350ms)
			LoadAssemblies (42ms)
			RebuildTransferFunctionScriptingTraits (0ms)
			SetupTypeCache (120ms)
			ReleaseScriptCaches (0ms)
			RebuildScriptCaches (29ms)
			SetupLoadedEditorAssemblies (141ms)
				LogAssemblyErrors (0ms)
				InitializePlatformSupportModulesInManaged (5ms)
				SetLoadedEditorAssemblies (0ms)
				RefreshPlugins (35ms)
				BeforeProcessingInitializeOnLoad (12ms)
				ProcessInitializeOnLoadAttributes (66ms)
				ProcessInitializeOnLoadMethodAttributes (23ms)
				AfterProcessingInitializeOnLoad (0ms)
				EditorAssembliesLoaded (0ms)
			ExecutionOrderSort2 (0ms)
			AwakeInstancesAfterBackupRestoration (0ms)
Platform modules already initialized, skipping
Registering precompiled user dll's ...
Registered in 0.003887 seconds.
Begin MonoManager ReloadAssembly
Native extension for WindowsStandalone target not found
Native extension for WebGL target not found
Refreshing native plugins compatible for Editor in 32.30 ms, found 3 plugins.
Preloading 0 native plugins for Editor in 0.00 ms.
Mono: successfully reloaded assembly
- Completed reload, in  0.895 seconds
Domain Reload Profiling:
	ReloadAssembly (895ms)
		BeginReloadAssembly (113ms)
			ExecutionOrderSort (0ms)
			DisableScriptedObjects (4ms)
			BackupInstance (0ms)
			ReleaseScriptingObjects (0ms)
			CreateAndSetChildDomain (14ms)
		EndReloadAssembly (733ms)
			LoadAssemblies (72ms)
			RebuildTransferFunctionScriptingTraits (0ms)
			SetupTypeCache (224ms)
			ReleaseScriptCaches (0ms)
			RebuildScriptCaches (44ms)
			SetupLoadedEditorAssemblies (291ms)
				LogAssemblyErrors (0ms)
				InitializePlatformSupportModulesInManaged (4ms)
				SetLoadedEditorAssemblies (0ms)
				RefreshPlugins (32ms)
				BeforeProcessingInitializeOnLoad (74ms)
				ProcessInitializeOnLoadAttributes (165ms)
				ProcessInitializeOnLoadMethodAttributes (10ms)
				AfterProcessingInitializeOnLoad (5ms)
				EditorAssembliesLoaded (0ms)
			ExecutionOrderSort2 (0ms)
			AwakeInstancesAfterBackupRestoration (5ms)
Platform modules already initialized, skipping
========================================================================
Worker process is ready to serve import requests
Launched and connected shader compiler UnityShaderCompiler.exe after 0.04 seconds
Refreshing native plugins compatible for Editor in 0.44 ms, found 3 plugins.
Preloading 0 native plugins for Editor in 0.00 ms.
Unloading 2097 Unused Serialized files (Serialized files now loaded: 0)
System memory in use before: 94.1 MB.
System memory in use after: 94.1 MB.

Unloading 33 unused Assets to reduce memory usage. Loaded Objects now: 2530.
Total: 1.961400 ms (FindLiveObjects: 0.163400 ms CreateObjectMapping: 0.057100 ms MarkObjects: 1.638200 ms  DeleteObjects: 0.101900 ms)

AssetImportParameters requested are different than current active one (requested -> active):
  custom:framework-win-MediaFoundation: 216162199b28c13a410421893ffa2e32 -> 
  custom:video-decoder-ogg-theora: a1e56fd34408186e4bbccfd4996cb3dc -> 
  custom:container-muxer-webm: aa71ff27fc2769a1b78a27578f13a17b -> 
  custom:container-demuxer-webm: 4f35f7cbe854078d1ac9338744f61a02 -> 
  custom:container-demuxer-ogg: 62fdf1f143b41e24485cea50d1cbac27 -> 
  custom:video-encoder-webm-vp8: eb34c28f22e8b96e1ab97ce403110664 -> 
  custom:video-decoder-webm-vp8: 9c59270c3fd7afecdb556c50c9e8de78 -> 
  custom:audio-decoder-ogg-vorbis: bf7c407c2cedff20999df2af8eb42d56 -> 
  custom:audio-encoder-webm-vorbis: bf7c407c2cedff20999df2af8eb42d56 -> 
========================================================================
Received Import Request.
  path: Assets/_Importet Assets/2D Space Kit/Particles (Sprites)
  artifactKey: Guid(32d6640fcef76724a85096bf1e41db23) Importer(815301076,1909f56bfc062723c751e8b465ee728b)
Start importing Assets/_Importet Assets/2D Space Kit/Particles (Sprites) using Guid(32d6640fcef76724a85096bf1e41db23) Importer(815301076,1909f56bfc062723c751e8b465ee728b)  -> (artifact id: '436f32ec520087db2088cd9e7a332b4a') in 0.004541 seconds 
  Import took 0.007051 seconds .

========================================================================
Received Import Request.
  Time since last request: 0.000262 seconds.
  path: Assets/_Importet Assets/2D Space Kit/Missiles/Missile (6).png
  artifactKey: Guid(71ef384979ff75f4990c1dde652054b4) Importer(815301076,1909f56bfc062723c751e8b465ee728b)
Start importing Assets/_Importet Assets/2D Space Kit/Missiles/Missile (6).png using Guid(71ef384979ff75f4990c1dde652054b4) Importer(815301076,1909f56bfc062723c751e8b465ee728b)  -> (artifact id: '8221804741e3ed730d6df04b9df45fdb') in 0.106125 seconds 
  Import took 0.108768 seconds .

========================================================================
Received Import Request.
  Time since last request: 0.000313 seconds.
  path: Assets/_Importet Assets/2D Space Kit/Missiles/Missile (3).png
  artifactKey: Guid(9c7df7a295e42674eb093a49346a77db) Importer(815301076,1909f56bfc062723c751e8b465ee728b)
Start importing Assets/_Importet Assets/2D Space Kit/Missiles/Missile (3).png using Guid(9c7df7a295e42674eb093a49346a77db) Importer(815301076,1909f56bfc062723c751e8b465ee728b)  -> (artifact id: '4bf5dcccbfd039be0e70677e50ab59f2') in 0.009290 seconds 
  Import took 0.011908 seconds .

========================================================================
Received Import Request.
  Time since last request: 0.000252 seconds.
  path: Assets/_Importet Assets/2D Space Kit/Missiles/Missile (1).png
  artifactKey: Guid(98be93167ed6cd54d82a8e882da6f3e1) Importer(815301076,1909f56bfc062723c751e8b465ee728b)
Start importing Assets/_Importet Assets/2D Space Kit/Missiles/Missile (1).png using Guid(98be93167ed6cd54d82a8e882da6f3e1) Importer(815301076,1909f56bfc062723c751e8b465ee728b)  -> (artifact id: 'd85c4d2c8cdebdf142ea70ad1a029bcf') in 0.008341 seconds 
  Import took 0.010873 seconds .

========================================================================
Received Import Request.
  Time since last request: 0.000228 seconds.
  path: Assets/_Importet Assets/2D Space Kit/Missiles/Missile (5).png
  artifactKey: Guid(cc2721dc8706a474b97273837abcf0b7) Importer(815301076,1909f56bfc062723c751e8b465ee728b)
Start importing Assets/_Importet Assets/2D Space Kit/Missiles/Missile (5).png using Guid(cc2721dc8706a474b97273837abcf0b7) Importer(815301076,1909f56bfc062723c751e8b465ee728b)  -> (artifact id: '1cad9d3befe9bcf26c4d312f9ded9998') in 0.008358 seconds 
  Import took 0.010953 seconds .

========================================================================
Received Import Request.
  Time since last request: 0.000233 seconds.
  path: Assets/_Importet Assets/2D Space Kit/Missiles/Missile (7).png
  artifactKey: Guid(d80cdbc06d812fc4199cdd7c4c11f128) Importer(815301076,1909f56bfc062723c751e8b465ee728b)
Start importing Assets/_Importet Assets/2D Space Kit/Missiles/Missile (7).png using Guid(d80cdbc06d812fc4199cdd7c4c11f128) Importer(815301076,1909f56bfc062723c751e8b465ee728b)  -> (artifact id: 'e3abc311458ce35be83043f81426e787') in 0.008141 seconds 
  Import took 0.010758 seconds .

========================================================================
Received Import Request.
  Time since last request: 0.000349 seconds.
  path: Assets/_Importet Assets/2D Space Kit/Missiles/Missile (4).png
  artifactKey: Guid(42db57cf6647faf4b9eae8778204ed4d) Importer(815301076,1909f56bfc062723c751e8b465ee728b)
Start importing Assets/_Importet Assets/2D Space Kit/Missiles/Missile (4).png using Guid(42db57cf6647faf4b9eae8778204ed4d) Importer(815301076,1909f56bfc062723c751e8b465ee728b)  -> (artifact id: 'a23db2db1d2cd28695aaee27d528bcc4') in 0.009667 seconds 
  Import took 0.012593 seconds .

========================================================================
Received Import Request.
  Time since last request: 169.500259 seconds.
  path: Assets/_Importet Assets/2D Space Kit/Missiles/Missile (7).png
  artifactKey: Guid(d80cdbc06d812fc4199cdd7c4c11f128) Importer(815301076,1909f56bfc062723c751e8b465ee728b)
Start importing Assets/_Importet Assets/2D Space Kit/Missiles/Missile (7).png using Guid(d80cdbc06d812fc4199cdd7c4c11f128) Importer(815301076,1909f56bfc062723c751e8b465ee728b)  -> (artifact id: '4b73f3abdb33dd05e3d7f208b8290ed0') in 0.012583 seconds 
  Import took 0.015701 seconds .

========================================================================
Received Import Request.
  Time since last request: 7.373225 seconds.
  path: Assets/_Importet Assets/2D Space Kit/Missiles/Missile (7).png
  artifactKey: Guid(d80cdbc06d812fc4199cdd7c4c11f128) Importer(815301076,1909f56bfc062723c751e8b465ee728b)
Start importing Assets/_Importet Assets/2D Space Kit/Missiles/Missile (7).png using Guid(d80cdbc06d812fc4199cdd7c4c11f128) Importer(815301076,1909f56bfc062723c751e8b465ee728b)  -> (artifact id: '6dc95e0681d4b84e58aa5ef9226a1c48') in 0.011336 seconds 
  Import took 0.014640 seconds .

========================================================================
Received Import Request.
  Time since last request: 4.598550 seconds.
  path: Assets/_Importet Assets/2D Space Kit/Missiles/Missile (7).png
  artifactKey: Guid(d80cdbc06d812fc4199cdd7c4c11f128) Importer(815301076,1909f56bfc062723c751e8b465ee728b)
Start importing Assets/_Importet Assets/2D Space Kit/Missiles/Missile (7).png using Guid(d80cdbc06d812fc4199cdd7c4c11f128) Importer(815301076,1909f56bfc062723c751e8b465ee728b)  -> (artifact id: '51f94e17c3eb1e143b3f5c416847536f') in 0.010512 seconds 
  Import took 0.013417 seconds .

========================================================================
Received Import Request.
  Time since last request: 0.009752 seconds.
  path: Assets/_Importet Assets/2D Space Kit/Missiles/Missile (7).png
  artifactKey: Guid(d80cdbc06d812fc4199cdd7c4c11f128) Importer(815301076,1909f56bfc062723c751e8b465ee728b)
Start importing Assets/_Importet Assets/2D Space Kit/Missiles/Missile (7).png using Guid(d80cdbc06d812fc4199cdd7c4c11f128) Importer(815301076,1909f56bfc062723c751e8b465ee728b)  -> (artifact id: '51f94e17c3eb1e143b3f5c416847536f') in 0.008495 seconds 
  Import took 0.011626 seconds .

========================================================================
Received Import Request.
  Time since last request: 5.668933 seconds.
  path: Assets/_Importet Assets/2D Space Kit/Missiles/Missile (7).png
  artifactKey: Guid(d80cdbc06d812fc4199cdd7c4c11f128) Importer(815301076,1909f56bfc062723c751e8b465ee728b)
Start importing Assets/_Importet Assets/2D Space Kit/Missiles/Missile (7).png using Guid(d80cdbc06d812fc4199cdd7c4c11f128) Importer(815301076,1909f56bfc062723c751e8b465ee728b)  -> (artifact id: '03ad4122c6a0cfd6c84d9da3d412878e') in 0.010814 seconds 
  Import took 0.014105 seconds .

========================================================================
Received Import Request.
  Time since last request: 6.304817 seconds.
  path: Assets/_Importet Assets/2D Space Kit/Missiles/Missile (7).png
  artifactKey: Guid(d80cdbc06d812fc4199cdd7c4c11f128) Importer(815301076,1909f56bfc062723c751e8b465ee728b)
Start importing Assets/_Importet Assets/2D Space Kit/Missiles/Missile (7).png using Guid(d80cdbc06d812fc4199cdd7c4c11f128) Importer(815301076,1909f56bfc062723c751e8b465ee728b)  -> (artifact id: 'ab1788d89d8a1f371868faac9d314d6f') in 0.008602 seconds 
  Import took 0.011476 seconds .

